[1.659s] Invoking command in '/home/rasmus/exercises_ws/src/build/ros2_exercise': PYTHONPATH=/home/rasmus/exercises_ws/src/build/ros2_exercise/prefix_override:/usr/lib/python3/dist-packages/colcon_core/task/python/colcon_distutils_commands:/home/rasmus/exercises_ws/src/install/ros2_exercise/lib/python3.10/site-packages:${PYTHONPATH} /usr/bin/python3 -W ignore:setup.py install is deprecated -W ignore:easy_install command is deprecated setup.py develop --editable --build-directory /home/rasmus/exercises_ws/src/build/ros2_exercise/build --no-deps symlink_data
[2.171s] running develop
[2.480s] running egg_info
[2.481s] creating ros2_exercise.egg-info
[2.481s] writing ros2_exercise.egg-info/PKG-INFO
[2.481s] writing dependency_links to ros2_exercise.egg-info/dependency_links.txt
[2.482s] writing entry points to ros2_exercise.egg-info/entry_points.txt
[2.482s] writing requirements to ros2_exercise.egg-info/requires.txt
[2.482s] writing top-level names to ros2_exercise.egg-info/top_level.txt
[2.483s] writing manifest file 'ros2_exercise.egg-info/SOURCES.txt'
[2.486s] reading manifest file 'ros2_exercise.egg-info/SOURCES.txt'
[2.487s] writing manifest file 'ros2_exercise.egg-info/SOURCES.txt'
[2.489s] running build_ext
[2.489s] Creating /home/rasmus/exercises_ws/src/install/ros2_exercise/lib/python3.10/site-packages/ros2-exercise.egg-link (link to .)
[2.491s] Installing odometery_publisher script to /home/rasmus/exercises_ws/src/install/ros2_exercise/lib/ros2_exercise
[2.491s] 
[2.491s] Installed /home/rasmus/exercises_ws/src/build/ros2_exercise
[2.492s] running symlink_data
[2.492s] creating /home/rasmus/exercises_ws/src/install/ros2_exercise/share/ament_index
[2.492s] creating /home/rasmus/exercises_ws/src/install/ros2_exercise/share/ament_index/resource_index
[2.493s] creating /home/rasmus/exercises_ws/src/install/ros2_exercise/share/ament_index/resource_index/packages
[2.493s] symbolically linking /home/rasmus/exercises_ws/src/build/ros2_exercise/resource/ros2_exercise -> /home/rasmus/exercises_ws/src/install/ros2_exercise/share/ament_index/resource_index/packages
[2.493s] symbolically linking /home/rasmus/exercises_ws/src/build/ros2_exercise/package.xml -> /home/rasmus/exercises_ws/src/install/ros2_exercise/share/ros2_exercise
[2.552s] Invoked command in '/home/rasmus/exercises_ws/src/build/ros2_exercise' returned '0': PYTHONPATH=/home/rasmus/exercises_ws/src/build/ros2_exercise/prefix_override:/usr/lib/python3/dist-packages/colcon_core/task/python/colcon_distutils_commands:/home/rasmus/exercises_ws/src/install/ros2_exercise/lib/python3.10/site-packages:${PYTHONPATH} /usr/bin/python3 -W ignore:setup.py install is deprecated -W ignore:easy_install command is deprecated setup.py develop --editable --build-directory /home/rasmus/exercises_ws/src/build/ros2_exercise/build --no-deps symlink_data
