[0.206s] DEBUG:colcon:Command line arguments: ['/usr/bin/colcon', 'build', '--symlink-install']
[0.206s] DEBUG:colcon:Parsed command line arguments: Namespace(log_base=None, log_level=None, verb_name='build', build_base='build', install_base='install', merge_install=False, symlink_install=True, test_result_base=None, continue_on_error=False, executor='parallel', parallel_workers=8, event_handlers=None, ignore_user_meta=False, metas=['./colcon.meta'], base_paths=['.'], packages_ignore=None, packages_ignore_regex=None, paths=None, packages_up_to=None, packages_up_to_regex=None, packages_above=None, packages_above_and_dependencies=None, packages_above_depth=None, packages_select_by_dep=None, packages_skip_by_dep=None, packages_skip_up_to=None, packages_select_build_failed=False, packages_skip_build_finished=False, packages_select_test_failures=False, packages_skip_test_passed=False, packages_select=None, packages_skip=None, packages_select_regex=None, packages_skip_regex=None, packages_start=None, packages_end=None, allow_overriding=[], cmake_args=None, cmake_target=None, cmake_target_skip_unavailable=False, cmake_clean_cache=False, cmake_clean_first=False, cmake_force_configure=False, ament_cmake_args=None, catkin_cmake_args=None, catkin_skip_building_tests=False, mixin_files=None, mixin=None, verb_parser=<colcon_mixin.mixin.mixin_argument.MixinArgumentDecorator object at 0x73854f3520e0>, verb_extension=<colcon_core.verb.build.BuildVerb object at 0x73854f4d7940>, main=<bound method BuildVerb.main of <colcon_core.verb.build.BuildVerb object at 0x73854f4d7940>>, mixin_verb=('build',))
[0.499s] Level 1:colcon.colcon_core.package_discovery:discover_packages(colcon_meta) check parameters
[0.500s] Level 1:colcon.colcon_core.package_discovery:discover_packages(recursive) check parameters
[0.500s] Level 1:colcon.colcon_core.package_discovery:discover_packages(ignore) check parameters
[0.500s] Level 1:colcon.colcon_core.package_discovery:discover_packages(path) check parameters
[0.500s] Level 1:colcon.colcon_core.package_discovery:discover_packages(colcon_meta) discover
[0.500s] Level 1:colcon.colcon_core.package_discovery:discover_packages(recursive) discover
[0.500s] INFO:colcon.colcon_core.package_discovery:Crawling recursively for packages in '/home/rasmus/exercises_ws/src'
[0.500s] Level 1:colcon.colcon_core.package_identification:_identify(.) by extensions ['ignore', 'ignore_ament_install']
[0.501s] Level 1:colcon.colcon_core.package_identification:_identify(.) by extension 'ignore'
[0.501s] Level 1:colcon.colcon_core.package_identification:_identify(.) by extension 'ignore_ament_install'
[0.501s] Level 1:colcon.colcon_core.package_identification:_identify(.) by extensions ['colcon_pkg']
[0.501s] Level 1:colcon.colcon_core.package_identification:_identify(.) by extension 'colcon_pkg'
[0.501s] Level 1:colcon.colcon_core.package_identification:_identify(.) by extensions ['colcon_meta']
[0.501s] Level 1:colcon.colcon_core.package_identification:_identify(.) by extension 'colcon_meta'
[0.501s] Level 1:colcon.colcon_core.package_identification:_identify(.) by extensions ['ros']
[0.501s] Level 1:colcon.colcon_core.package_identification:_identify(.) by extension 'ros'
[0.523s] Level 1:colcon.colcon_core.package_identification:_identify(.) by extensions ['cmake', 'python']
[0.523s] Level 1:colcon.colcon_core.package_identification:_identify(.) by extension 'cmake'
[0.523s] Level 1:colcon.colcon_core.package_identification:_identify(.) by extension 'python'
[0.523s] Level 1:colcon.colcon_core.package_identification:_identify(.) by extensions ['python_setup_py']
[0.523s] Level 1:colcon.colcon_core.package_identification:_identify(.) by extension 'python_setup_py'
[0.524s] Level 1:colcon.colcon_core.package_identification:_identify(build) by extensions ['ignore', 'ignore_ament_install']
[0.524s] Level 1:colcon.colcon_core.package_identification:_identify(build) by extension 'ignore'
[0.524s] Level 1:colcon.colcon_core.package_identification:_identify(build) ignored
[0.524s] Level 1:colcon.colcon_core.package_identification:_identify(install) by extensions ['ignore', 'ignore_ament_install']
[0.525s] Level 1:colcon.colcon_core.package_identification:_identify(install) by extension 'ignore'
[0.525s] Level 1:colcon.colcon_core.package_identification:_identify(install) ignored
[0.525s] Level 1:colcon.colcon_core.package_identification:_identify(log) by extensions ['ignore', 'ignore_ament_install']
[0.525s] Level 1:colcon.colcon_core.package_identification:_identify(log) by extension 'ignore'
[0.525s] Level 1:colcon.colcon_core.package_identification:_identify(log) ignored
[0.525s] Level 1:colcon.colcon_core.package_identification:_identify(path_planner_example) by extensions ['ignore', 'ignore_ament_install']
[0.525s] Level 1:colcon.colcon_core.package_identification:_identify(path_planner_example) by extension 'ignore'
[0.526s] Level 1:colcon.colcon_core.package_identification:_identify(path_planner_example) by extension 'ignore_ament_install'
[0.526s] Level 1:colcon.colcon_core.package_identification:_identify(path_planner_example) by extensions ['colcon_pkg']
[0.526s] Level 1:colcon.colcon_core.package_identification:_identify(path_planner_example) by extension 'colcon_pkg'
[0.526s] Level 1:colcon.colcon_core.package_identification:_identify(path_planner_example) by extensions ['colcon_meta']
[0.526s] Level 1:colcon.colcon_core.package_identification:_identify(path_planner_example) by extension 'colcon_meta'
[0.526s] Level 1:colcon.colcon_core.package_identification:_identify(path_planner_example) by extensions ['ros']
[0.526s] Level 1:colcon.colcon_core.package_identification:_identify(path_planner_example) by extension 'ros'
[0.530s] DEBUG:colcon.colcon_core.package_identification:Package 'path_planner_example' with type 'ros.ament_python' and name 'path_planner_example'
[0.530s] Level 1:colcon.colcon_core.package_identification:_identify(ros2_exercise) by extensions ['ignore', 'ignore_ament_install']
[0.531s] Level 1:colcon.colcon_core.package_identification:_identify(ros2_exercise) by extension 'ignore'
[0.531s] Level 1:colcon.colcon_core.package_identification:_identify(ros2_exercise) by extension 'ignore_ament_install'
[0.531s] Level 1:colcon.colcon_core.package_identification:_identify(ros2_exercise) by extensions ['colcon_pkg']
[0.531s] Level 1:colcon.colcon_core.package_identification:_identify(ros2_exercise) by extension 'colcon_pkg'
[0.531s] Level 1:colcon.colcon_core.package_identification:_identify(ros2_exercise) by extensions ['colcon_meta']
[0.531s] Level 1:colcon.colcon_core.package_identification:_identify(ros2_exercise) by extension 'colcon_meta'
[0.531s] Level 1:colcon.colcon_core.package_identification:_identify(ros2_exercise) by extensions ['ros']
[0.531s] Level 1:colcon.colcon_core.package_identification:_identify(ros2_exercise) by extension 'ros'
[0.532s] DEBUG:colcon.colcon_core.package_identification:Package 'ros2_exercise' with type 'ros.ament_python' and name 'ros2_exercise'
[0.532s] Level 1:colcon.colcon_core.package_discovery:discover_packages(recursive) using defaults
[0.532s] Level 1:colcon.colcon_core.package_discovery:discover_packages(ignore) discover
[0.532s] Level 1:colcon.colcon_core.package_discovery:discover_packages(ignore) using defaults
[0.532s] Level 1:colcon.colcon_core.package_discovery:discover_packages(path) discover
[0.533s] Level 1:colcon.colcon_core.package_discovery:discover_packages(path) using defaults
[0.590s] Level 1:colcon.colcon_core.package_discovery:discover_packages(prefix_path) check parameters
[0.590s] Level 1:colcon.colcon_core.package_discovery:discover_packages(prefix_path) discover
[0.594s] DEBUG:colcon.colcon_installed_package_information.package_discovery:Found 1 installed packages in /home/rasmus/exercises_ws/install
[0.595s] DEBUG:colcon.colcon_installed_package_information.package_discovery:Found 1 installed packages in /home/rasmus/exercises_ws/src/install
[0.598s] DEBUG:colcon.colcon_installed_package_information.package_discovery:Found 328 installed packages in /opt/ros/humble
[0.600s] Level 1:colcon.colcon_core.package_discovery:discover_packages(prefix_path) using defaults
[0.678s] Level 5:colcon.colcon_core.verb:set package 'path_planner_example' build argument 'cmake_args' from command line to 'None'
[0.678s] Level 5:colcon.colcon_core.verb:set package 'path_planner_example' build argument 'cmake_target' from command line to 'None'
[0.678s] Level 5:colcon.colcon_core.verb:set package 'path_planner_example' build argument 'cmake_target_skip_unavailable' from command line to 'False'
[0.678s] Level 5:colcon.colcon_core.verb:set package 'path_planner_example' build argument 'cmake_clean_cache' from command line to 'False'
[0.678s] Level 5:colcon.colcon_core.verb:set package 'path_planner_example' build argument 'cmake_clean_first' from command line to 'False'
[0.679s] Level 5:colcon.colcon_core.verb:set package 'path_planner_example' build argument 'cmake_force_configure' from command line to 'False'
[0.679s] Level 5:colcon.colcon_core.verb:set package 'path_planner_example' build argument 'ament_cmake_args' from command line to 'None'
[0.679s] Level 5:colcon.colcon_core.verb:set package 'path_planner_example' build argument 'catkin_cmake_args' from command line to 'None'
[0.679s] Level 5:colcon.colcon_core.verb:set package 'path_planner_example' build argument 'catkin_skip_building_tests' from command line to 'False'
[0.679s] DEBUG:colcon.colcon_core.verb:Building package 'path_planner_example' with the following arguments: {'ament_cmake_args': None, 'build_base': '/home/rasmus/exercises_ws/src/build/path_planner_example', 'catkin_cmake_args': None, 'catkin_skip_building_tests': False, 'cmake_args': None, 'cmake_clean_cache': False, 'cmake_clean_first': False, 'cmake_force_configure': False, 'cmake_target': None, 'cmake_target_skip_unavailable': False, 'install_base': '/home/rasmus/exercises_ws/src/install/path_planner_example', 'merge_install': False, 'path': '/home/rasmus/exercises_ws/src/path_planner_example', 'symlink_install': True, 'test_result_base': None}
[0.679s] Level 5:colcon.colcon_core.verb:set package 'ros2_exercise' build argument 'cmake_args' from command line to 'None'
[0.680s] Level 5:colcon.colcon_core.verb:set package 'ros2_exercise' build argument 'cmake_target' from command line to 'None'
[0.680s] Level 5:colcon.colcon_core.verb:set package 'ros2_exercise' build argument 'cmake_target_skip_unavailable' from command line to 'False'
[0.680s] Level 5:colcon.colcon_core.verb:set package 'ros2_exercise' build argument 'cmake_clean_cache' from command line to 'False'
[0.680s] Level 5:colcon.colcon_core.verb:set package 'ros2_exercise' build argument 'cmake_clean_first' from command line to 'False'
[0.680s] Level 5:colcon.colcon_core.verb:set package 'ros2_exercise' build argument 'cmake_force_configure' from command line to 'False'
[0.680s] Level 5:colcon.colcon_core.verb:set package 'ros2_exercise' build argument 'ament_cmake_args' from command line to 'None'
[0.680s] Level 5:colcon.colcon_core.verb:set package 'ros2_exercise' build argument 'catkin_cmake_args' from command line to 'None'
[0.680s] Level 5:colcon.colcon_core.verb:set package 'ros2_exercise' build argument 'catkin_skip_building_tests' from command line to 'False'
[0.680s] DEBUG:colcon.colcon_core.verb:Building package 'ros2_exercise' with the following arguments: {'ament_cmake_args': None, 'build_base': '/home/rasmus/exercises_ws/src/build/ros2_exercise', 'catkin_cmake_args': None, 'catkin_skip_building_tests': False, 'cmake_args': None, 'cmake_clean_cache': False, 'cmake_clean_first': False, 'cmake_force_configure': False, 'cmake_target': None, 'cmake_target_skip_unavailable': False, 'install_base': '/home/rasmus/exercises_ws/src/install/ros2_exercise', 'merge_install': False, 'path': '/home/rasmus/exercises_ws/src/ros2_exercise', 'symlink_install': True, 'test_result_base': None}
[0.680s] INFO:colcon.colcon_core.executor:Executing jobs using 'parallel' executor
[0.682s] DEBUG:colcon.colcon_parallel_executor.executor.parallel:run_until_complete
[0.682s] INFO:colcon.colcon_ros.task.ament_python.build:Building ROS package in '/home/rasmus/exercises_ws/src/path_planner_example' with build type 'ament_python'
[0.682s] Level 1:colcon.colcon_core.shell:create_environment_hook('path_planner_example', 'ament_prefix_path')
[0.687s] INFO:colcon.colcon_core.plugin_system:Skipping extension 'colcon_core.shell.bat': Not used on non-Windows systems
[0.687s] INFO:colcon.colcon_core.shell:Creating environment hook '/home/rasmus/exercises_ws/src/install/path_planner_example/share/path_planner_example/hook/ament_prefix_path.ps1'
[0.689s] INFO:colcon.colcon_core.shell:Creating environment descriptor '/home/rasmus/exercises_ws/src/install/path_planner_example/share/path_planner_example/hook/ament_prefix_path.dsv'
[0.690s] INFO:colcon.colcon_core.shell:Creating environment hook '/home/rasmus/exercises_ws/src/install/path_planner_example/share/path_planner_example/hook/ament_prefix_path.sh'
[0.692s] INFO:colcon.colcon_core.shell:Skip shell extension 'powershell' for command environment: Not usable outside of PowerShell
[0.692s] DEBUG:colcon.colcon_core.shell:Skip shell extension 'dsv' for command environment
[0.701s] INFO:colcon.colcon_ros.task.ament_python.build:Building ROS package in '/home/rasmus/exercises_ws/src/ros2_exercise' with build type 'ament_python'
[0.701s] Level 1:colcon.colcon_core.shell:create_environment_hook('ros2_exercise', 'ament_prefix_path')
[0.702s] INFO:colcon.colcon_core.shell:Creating environment hook '/home/rasmus/exercises_ws/src/install/ros2_exercise/share/ros2_exercise/hook/ament_prefix_path.ps1'
[0.702s] INFO:colcon.colcon_core.shell:Creating environment descriptor '/home/rasmus/exercises_ws/src/install/ros2_exercise/share/ros2_exercise/hook/ament_prefix_path.dsv'
[0.703s] INFO:colcon.colcon_core.shell:Creating environment hook '/home/rasmus/exercises_ws/src/install/ros2_exercise/share/ros2_exercise/hook/ament_prefix_path.sh'
[0.704s] INFO:colcon.colcon_core.shell:Skip shell extension 'powershell' for command environment: Not usable outside of PowerShell
[0.704s] DEBUG:colcon.colcon_core.shell:Skip shell extension 'dsv' for command environment
[1.222s] INFO:colcon.colcon_core.task.python.build:Building Python package in '/home/rasmus/exercises_ws/src/path_planner_example'
[1.223s] INFO:colcon.colcon_core.shell:Skip shell extension 'powershell' for command environment: Not usable outside of PowerShell
[1.223s] DEBUG:colcon.colcon_core.shell:Skip shell extension 'dsv' for command environment
[1.728s] INFO:colcon.colcon_core.task.python.build:Building Python package in '/home/rasmus/exercises_ws/src/ros2_exercise'
[1.729s] INFO:colcon.colcon_core.shell:Skip shell extension 'powershell' for command environment: Not usable outside of PowerShell
[1.729s] DEBUG:colcon.colcon_core.shell:Skip shell extension 'dsv' for command environment
[2.398s] DEBUG:colcon.colcon_core.event_handler.log_command:Invoking command in '/home/rasmus/exercises_ws/src/build/path_planner_example': PYTHONPATH=/home/rasmus/exercises_ws/src/build/path_planner_example/prefix_override:/usr/lib/python3/dist-packages/colcon_core/task/python/colcon_distutils_commands:/home/rasmus/exercises_ws/src/install/path_planner_example/lib/python3.10/site-packages:${PYTHONPATH} /usr/bin/python3 -W ignore:setup.py install is deprecated -W ignore:easy_install command is deprecated setup.py develop --editable --build-directory /home/rasmus/exercises_ws/src/build/path_planner_example/build --no-deps symlink_data
[2.409s] DEBUG:colcon.colcon_core.event_handler.log_command:Invoking command in '/home/rasmus/exercises_ws/src/build/ros2_exercise': PYTHONPATH=/home/rasmus/exercises_ws/src/build/ros2_exercise/prefix_override:/usr/lib/python3/dist-packages/colcon_core/task/python/colcon_distutils_commands:/home/rasmus/exercises_ws/src/install/ros2_exercise/lib/python3.10/site-packages:${PYTHONPATH} /usr/bin/python3 -W ignore:setup.py install is deprecated -W ignore:easy_install command is deprecated setup.py develop --editable --build-directory /home/rasmus/exercises_ws/src/build/ros2_exercise/build --no-deps symlink_data
[3.314s] Level 1:colcon.colcon_core.shell:create_environment_hook('ros2_exercise', 'pythonpath_develop')
[3.314s] INFO:colcon.colcon_core.shell:Creating environment hook '/home/rasmus/exercises_ws/src/build/ros2_exercise/share/ros2_exercise/hook/pythonpath_develop.ps1'
[3.315s] DEBUG:colcon.colcon_core.event_handler.log_command:Invoked command in '/home/rasmus/exercises_ws/src/build/ros2_exercise' returned '0': PYTHONPATH=/home/rasmus/exercises_ws/src/build/ros2_exercise/prefix_override:/usr/lib/python3/dist-packages/colcon_core/task/python/colcon_distutils_commands:/home/rasmus/exercises_ws/src/install/ros2_exercise/lib/python3.10/site-packages:${PYTHONPATH} /usr/bin/python3 -W ignore:setup.py install is deprecated -W ignore:easy_install command is deprecated setup.py develop --editable --build-directory /home/rasmus/exercises_ws/src/build/ros2_exercise/build --no-deps symlink_data
[3.316s] INFO:colcon.colcon_core.shell:Creating environment descriptor '/home/rasmus/exercises_ws/src/build/ros2_exercise/share/ros2_exercise/hook/pythonpath_develop.dsv'
[3.316s] INFO:colcon.colcon_core.shell:Creating environment hook '/home/rasmus/exercises_ws/src/build/ros2_exercise/share/ros2_exercise/hook/pythonpath_develop.sh'
[3.323s] Level 1:colcon.colcon_core.environment:checking '/home/rasmus/exercises_ws/src/install/ros2_exercise' for CMake module files
[3.324s] Level 1:colcon.colcon_core.environment:checking '/home/rasmus/exercises_ws/src/install/ros2_exercise' for CMake config files
[3.325s] Level 1:colcon.colcon_core.environment:checking '/home/rasmus/exercises_ws/src/install/ros2_exercise/lib'
[3.326s] Level 1:colcon.colcon_core.environment:checking '/home/rasmus/exercises_ws/src/install/ros2_exercise/bin'
[3.326s] Level 1:colcon.colcon_core.environment:checking '/home/rasmus/exercises_ws/src/install/ros2_exercise/lib/pkgconfig/ros2_exercise.pc'
[3.326s] Level 1:colcon.colcon_core.environment:checking '/home/rasmus/exercises_ws/src/install/ros2_exercise/lib/python3.10/site-packages'
[3.327s] Level 1:colcon.colcon_core.shell:create_environment_hook('ros2_exercise', 'pythonpath')
[3.327s] INFO:colcon.colcon_core.shell:Creating environment hook '/home/rasmus/exercises_ws/src/install/ros2_exercise/share/ros2_exercise/hook/pythonpath.ps1'
[3.328s] INFO:colcon.colcon_core.shell:Creating environment descriptor '/home/rasmus/exercises_ws/src/install/ros2_exercise/share/ros2_exercise/hook/pythonpath.dsv'
[3.329s] INFO:colcon.colcon_core.shell:Creating environment hook '/home/rasmus/exercises_ws/src/install/ros2_exercise/share/ros2_exercise/hook/pythonpath.sh'
[3.331s] Level 1:colcon.colcon_core.environment:checking '/home/rasmus/exercises_ws/src/install/ros2_exercise/bin'
[3.332s] Level 1:colcon.colcon_core.environment:create_environment_scripts_only(ros2_exercise)
[3.332s] INFO:colcon.colcon_core.shell:Creating package script '/home/rasmus/exercises_ws/src/install/ros2_exercise/share/ros2_exercise/package.ps1'
[3.334s] INFO:colcon.colcon_core.shell:Creating package descriptor '/home/rasmus/exercises_ws/src/install/ros2_exercise/share/ros2_exercise/package.dsv'
[3.335s] INFO:colcon.colcon_core.shell:Creating package script '/home/rasmus/exercises_ws/src/install/ros2_exercise/share/ros2_exercise/package.sh'
[3.337s] INFO:colcon.colcon_core.shell:Creating package script '/home/rasmus/exercises_ws/src/install/ros2_exercise/share/ros2_exercise/package.bash'
[3.339s] INFO:colcon.colcon_core.shell:Creating package script '/home/rasmus/exercises_ws/src/install/ros2_exercise/share/ros2_exercise/package.zsh'
[3.341s] Level 1:colcon.colcon_core.environment:create_file_with_runtime_dependencies(/home/rasmus/exercises_ws/src/install/ros2_exercise/share/colcon-core/packages/ros2_exercise)
[3.344s] Level 1:colcon.colcon_core.shell:create_environment_hook('path_planner_example', 'pythonpath_develop')
[3.345s] INFO:colcon.colcon_core.shell:Creating environment hook '/home/rasmus/exercises_ws/src/build/path_planner_example/share/path_planner_example/hook/pythonpath_develop.ps1'
[3.346s] DEBUG:colcon.colcon_core.event_handler.log_command:Invoked command in '/home/rasmus/exercises_ws/src/build/path_planner_example' returned '0': PYTHONPATH=/home/rasmus/exercises_ws/src/build/path_planner_example/prefix_override:/usr/lib/python3/dist-packages/colcon_core/task/python/colcon_distutils_commands:/home/rasmus/exercises_ws/src/install/path_planner_example/lib/python3.10/site-packages:${PYTHONPATH} /usr/bin/python3 -W ignore:setup.py install is deprecated -W ignore:easy_install command is deprecated setup.py develop --editable --build-directory /home/rasmus/exercises_ws/src/build/path_planner_example/build --no-deps symlink_data
[3.346s] INFO:colcon.colcon_core.shell:Creating environment descriptor '/home/rasmus/exercises_ws/src/build/path_planner_example/share/path_planner_example/hook/pythonpath_develop.dsv'
[3.347s] INFO:colcon.colcon_core.shell:Creating environment hook '/home/rasmus/exercises_ws/src/build/path_planner_example/share/path_planner_example/hook/pythonpath_develop.sh'
[3.348s] Level 1:colcon.colcon_core.environment:checking '/home/rasmus/exercises_ws/src/install/path_planner_example' for CMake module files
[3.349s] Level 1:colcon.colcon_core.environment:checking '/home/rasmus/exercises_ws/src/install/path_planner_example' for CMake config files
[3.350s] Level 1:colcon.colcon_core.environment:checking '/home/rasmus/exercises_ws/src/install/path_planner_example/lib'
[3.350s] Level 1:colcon.colcon_core.environment:checking '/home/rasmus/exercises_ws/src/install/path_planner_example/bin'
[3.350s] Level 1:colcon.colcon_core.environment:checking '/home/rasmus/exercises_ws/src/install/path_planner_example/lib/pkgconfig/path_planner_example.pc'
[3.351s] Level 1:colcon.colcon_core.environment:checking '/home/rasmus/exercises_ws/src/install/path_planner_example/lib/python3.10/site-packages'
[3.351s] Level 1:colcon.colcon_core.shell:create_environment_hook('path_planner_example', 'pythonpath')
[3.351s] INFO:colcon.colcon_core.shell:Creating environment hook '/home/rasmus/exercises_ws/src/install/path_planner_example/share/path_planner_example/hook/pythonpath.ps1'
[3.353s] INFO:colcon.colcon_core.shell:Creating environment descriptor '/home/rasmus/exercises_ws/src/install/path_planner_example/share/path_planner_example/hook/pythonpath.dsv'
[3.354s] INFO:colcon.colcon_core.shell:Creating environment hook '/home/rasmus/exercises_ws/src/install/path_planner_example/share/path_planner_example/hook/pythonpath.sh'
[3.356s] Level 1:colcon.colcon_core.environment:checking '/home/rasmus/exercises_ws/src/install/path_planner_example/bin'
[3.356s] Level 1:colcon.colcon_core.environment:create_environment_scripts_only(path_planner_example)
[3.357s] INFO:colcon.colcon_core.shell:Creating package script '/home/rasmus/exercises_ws/src/install/path_planner_example/share/path_planner_example/package.ps1'
[3.358s] INFO:colcon.colcon_core.shell:Creating package descriptor '/home/rasmus/exercises_ws/src/install/path_planner_example/share/path_planner_example/package.dsv'
[3.360s] INFO:colcon.colcon_core.shell:Creating package script '/home/rasmus/exercises_ws/src/install/path_planner_example/share/path_planner_example/package.sh'
[3.360s] INFO:colcon.colcon_core.shell:Creating package script '/home/rasmus/exercises_ws/src/install/path_planner_example/share/path_planner_example/package.bash'
[3.361s] INFO:colcon.colcon_core.shell:Creating package script '/home/rasmus/exercises_ws/src/install/path_planner_example/share/path_planner_example/package.zsh'
[3.362s] Level 1:colcon.colcon_core.environment:create_file_with_runtime_dependencies(/home/rasmus/exercises_ws/src/install/path_planner_example/share/colcon-core/packages/path_planner_example)
[3.362s] DEBUG:colcon.colcon_parallel_executor.executor.parallel:closing loop
[3.362s] DEBUG:colcon.colcon_parallel_executor.executor.parallel:loop closed
[3.362s] DEBUG:colcon.colcon_parallel_executor.executor.parallel:run_until_complete finished with '0'
[3.363s] DEBUG:colcon.colcon_core.event_reactor:joining thread
[3.371s] INFO:colcon.colcon_core.plugin_system:Skipping extension 'colcon_notification.desktop_notification.terminal_notifier': Not used on non-Darwin systems
[3.371s] INFO:colcon.colcon_core.plugin_system:Skipping extension 'colcon_notification.desktop_notification.win32': Not used on non-Windows systems
[3.371s] INFO:colcon.colcon_notification.desktop_notification:Sending desktop notification using 'notify2'
[3.392s] DEBUG:colcon.colcon_core.event_reactor:joined thread
[3.393s] INFO:colcon.colcon_core.shell:Creating prefix script '/home/rasmus/exercises_ws/src/install/local_setup.ps1'
[3.394s] INFO:colcon.colcon_core.shell:Creating prefix util module '/home/rasmus/exercises_ws/src/install/_local_setup_util_ps1.py'
[3.396s] INFO:colcon.colcon_core.shell:Creating prefix chain script '/home/rasmus/exercises_ws/src/install/setup.ps1'
[3.399s] INFO:colcon.colcon_core.shell:Creating prefix script '/home/rasmus/exercises_ws/src/install/local_setup.sh'
[3.401s] INFO:colcon.colcon_core.shell:Creating prefix util module '/home/rasmus/exercises_ws/src/install/_local_setup_util_sh.py'
[3.403s] INFO:colcon.colcon_core.shell:Creating prefix chain script '/home/rasmus/exercises_ws/src/install/setup.sh'
[3.406s] INFO:colcon.colcon_core.shell:Creating prefix script '/home/rasmus/exercises_ws/src/install/local_setup.bash'
[3.406s] INFO:colcon.colcon_core.shell:Creating prefix chain script '/home/rasmus/exercises_ws/src/install/setup.bash'
[3.408s] INFO:colcon.colcon_core.shell:Creating prefix script '/home/rasmus/exercises_ws/src/install/local_setup.zsh'
[3.409s] INFO:colcon.colcon_core.shell:Creating prefix chain script '/home/rasmus/exercises_ws/src/install/setup.zsh'
