[1.714s] Invoking command in '/home/rasmus/exercises_ws/src/build/path_planner_example': PYTHONPATH=/home/rasmus/exercises_ws/src/build/path_planner_example/prefix_override:/usr/lib/python3/dist-packages/colcon_core/task/python/colcon_distutils_commands:/home/rasmus/exercises_ws/src/install/path_planner_example/lib/python3.10/site-packages:${PYTHONPATH} /usr/bin/python3 -W ignore:setup.py install is deprecated -W ignore:easy_install command is deprecated setup.py develop --editable --build-directory /home/rasmus/exercises_ws/src/build/path_planner_example/build --no-deps symlink_data
[2.225s] running develop
[2.558s] running egg_info
[2.558s] creating path_planner_example.egg-info
[2.559s] writing path_planner_example.egg-info/PKG-INFO
[2.559s] writing dependency_links to path_planner_example.egg-info/dependency_links.txt
[2.560s] writing entry points to path_planner_example.egg-info/entry_points.txt
[2.560s] writing requirements to path_planner_example.egg-info/requires.txt
[2.560s] writing top-level names to path_planner_example.egg-info/top_level.txt
[2.561s] writing manifest file 'path_planner_example.egg-info/SOURCES.txt'
[2.562s] reading manifest file 'path_planner_example.egg-info/SOURCES.txt'
[2.563s] writing manifest file 'path_planner_example.egg-info/SOURCES.txt'
[2.565s] running build_ext
[2.565s] Creating /home/rasmus/exercises_ws/src/install/path_planner_example/lib/python3.10/site-packages/path-planner-example.egg-link (link to .)
[2.566s] Installing path_planner_example_node script to /home/rasmus/exercises_ws/src/install/path_planner_example/lib/path_planner_example
[2.567s] 
[2.567s] Installed /home/rasmus/exercises_ws/src/build/path_planner_example
[2.568s] running symlink_data
[2.568s] creating /home/rasmus/exercises_ws/src/install/path_planner_example/share/ament_index
[2.568s] creating /home/rasmus/exercises_ws/src/install/path_planner_example/share/ament_index/resource_index
[2.568s] creating /home/rasmus/exercises_ws/src/install/path_planner_example/share/ament_index/resource_index/packages
[2.568s] symbolically linking /home/rasmus/exercises_ws/src/build/path_planner_example/resource/path_planner_example -> /home/rasmus/exercises_ws/src/install/path_planner_example/share/ament_index/resource_index/packages
[2.568s] symbolically linking /home/rasmus/exercises_ws/src/build/path_planner_example/package.xml -> /home/rasmus/exercises_ws/src/install/path_planner_example/share/path_planner_example
[2.662s] Invoked command in '/home/rasmus/exercises_ws/src/build/path_planner_example' returned '0': PYTHONPATH=/home/rasmus/exercises_ws/src/build/path_planner_example/prefix_override:/usr/lib/python3/dist-packages/colcon_core/task/python/colcon_distutils_commands:/home/rasmus/exercises_ws/src/install/path_planner_example/lib/python3.10/site-packages:${PYTHONPATH} /usr/bin/python3 -W ignore:setup.py install is deprecated -W ignore:easy_install command is deprecated setup.py develop --editable --build-directory /home/rasmus/exercises_ws/src/build/path_planner_example/build --no-deps symlink_data
