[0.204s] DEBUG:colcon:Command line arguments: ['/usr/bin/colcon', 'build', '--symlink-install']
[0.205s] DEBUG:colcon:Parsed command line arguments: Namespace(log_base=None, log_level=None, verb_name='build', build_base='build', install_base='install', merge_install=False, symlink_install=True, test_result_base=None, continue_on_error=False, executor='parallel', parallel_workers=8, event_handlers=None, ignore_user_meta=False, metas=['./colcon.meta'], base_paths=['.'], packages_ignore=None, packages_ignore_regex=None, paths=None, packages_up_to=None, packages_up_to_regex=None, packages_above=None, packages_above_and_dependencies=None, packages_above_depth=None, packages_select_by_dep=None, packages_skip_by_dep=None, packages_skip_up_to=None, packages_select_build_failed=False, packages_skip_build_finished=False, packages_select_test_failures=False, packages_skip_test_passed=False, packages_select=None, packages_skip=None, packages_select_regex=None, packages_skip_regex=None, packages_start=None, packages_end=None, allow_overriding=[], cmake_args=None, cmake_target=None, cmake_target_skip_unavailable=False, cmake_clean_cache=False, cmake_clean_first=False, cmake_force_configure=False, ament_cmake_args=None, catkin_cmake_args=None, catkin_skip_building_tests=False, mixin_files=None, mixin=None, verb_parser=<colcon_mixin.mixin.mixin_argument.MixinArgumentDecorator object at 0x78de2065a0e0>, verb_extension=<colcon_core.verb.build.BuildVerb object at 0x78de207db940>, main=<bound method BuildVerb.main of <colcon_core.verb.build.BuildVerb object at 0x78de207db940>>, mixin_verb=('build',))
[0.511s] Level 1:colcon.colcon_core.package_discovery:discover_packages(colcon_meta) check parameters
[0.511s] Level 1:colcon.colcon_core.package_discovery:discover_packages(recursive) check parameters
[0.511s] Level 1:colcon.colcon_core.package_discovery:discover_packages(ignore) check parameters
[0.511s] Level 1:colcon.colcon_core.package_discovery:discover_packages(path) check parameters
[0.511s] Level 1:colcon.colcon_core.package_discovery:discover_packages(colcon_meta) discover
[0.511s] Level 1:colcon.colcon_core.package_discovery:discover_packages(recursive) discover
[0.511s] INFO:colcon.colcon_core.package_discovery:Crawling recursively for packages in '/home/rasmus/exercises_ws/src'
[0.512s] Level 1:colcon.colcon_core.package_identification:_identify(.) by extensions ['ignore', 'ignore_ament_install']
[0.512s] Level 1:colcon.colcon_core.package_identification:_identify(.) by extension 'ignore'
[0.512s] Level 1:colcon.colcon_core.package_identification:_identify(.) by extension 'ignore_ament_install'
[0.512s] Level 1:colcon.colcon_core.package_identification:_identify(.) by extensions ['colcon_pkg']
[0.512s] Level 1:colcon.colcon_core.package_identification:_identify(.) by extension 'colcon_pkg'
[0.512s] Level 1:colcon.colcon_core.package_identification:_identify(.) by extensions ['colcon_meta']
[0.512s] Level 1:colcon.colcon_core.package_identification:_identify(.) by extension 'colcon_meta'
[0.512s] Level 1:colcon.colcon_core.package_identification:_identify(.) by extensions ['ros']
[0.512s] Level 1:colcon.colcon_core.package_identification:_identify(.) by extension 'ros'
[0.533s] Level 1:colcon.colcon_core.package_identification:_identify(.) by extensions ['cmake', 'python']
[0.533s] Level 1:colcon.colcon_core.package_identification:_identify(.) by extension 'cmake'
[0.533s] Level 1:colcon.colcon_core.package_identification:_identify(.) by extension 'python'
[0.533s] Level 1:colcon.colcon_core.package_identification:_identify(.) by extensions ['python_setup_py']
[0.533s] Level 1:colcon.colcon_core.package_identification:_identify(.) by extension 'python_setup_py'
[0.533s] Level 1:colcon.colcon_core.package_identification:_identify(build) by extensions ['ignore', 'ignore_ament_install']
[0.534s] Level 1:colcon.colcon_core.package_identification:_identify(build) by extension 'ignore'
[0.534s] Level 1:colcon.colcon_core.package_identification:_identify(build) ignored
[0.534s] Level 1:colcon.colcon_core.package_identification:_identify(install) by extensions ['ignore', 'ignore_ament_install']
[0.534s] Level 1:colcon.colcon_core.package_identification:_identify(install) by extension 'ignore'
[0.534s] Level 1:colcon.colcon_core.package_identification:_identify(install) ignored
[0.534s] Level 1:colcon.colcon_core.package_identification:_identify(log) by extensions ['ignore', 'ignore_ament_install']
[0.534s] Level 1:colcon.colcon_core.package_identification:_identify(log) by extension 'ignore'
[0.534s] Level 1:colcon.colcon_core.package_identification:_identify(log) ignored
[0.535s] Level 1:colcon.colcon_core.package_identification:_identify(ros2_exercise) by extensions ['ignore', 'ignore_ament_install']
[0.535s] Level 1:colcon.colcon_core.package_identification:_identify(ros2_exercise) by extension 'ignore'
[0.535s] Level 1:colcon.colcon_core.package_identification:_identify(ros2_exercise) by extension 'ignore_ament_install'
[0.535s] Level 1:colcon.colcon_core.package_identification:_identify(ros2_exercise) by extensions ['colcon_pkg']
[0.535s] Level 1:colcon.colcon_core.package_identification:_identify(ros2_exercise) by extension 'colcon_pkg'
[0.535s] Level 1:colcon.colcon_core.package_identification:_identify(ros2_exercise) by extensions ['colcon_meta']
[0.535s] Level 1:colcon.colcon_core.package_identification:_identify(ros2_exercise) by extension 'colcon_meta'
[0.535s] Level 1:colcon.colcon_core.package_identification:_identify(ros2_exercise) by extensions ['ros']
[0.535s] Level 1:colcon.colcon_core.package_identification:_identify(ros2_exercise) by extension 'ros'
[0.539s] DEBUG:colcon.colcon_core.package_identification:Package 'ros2_exercise' with type 'ros.ament_python' and name 'ros2_exercise'
[0.539s] Level 1:colcon.colcon_core.package_discovery:discover_packages(recursive) using defaults
[0.539s] Level 1:colcon.colcon_core.package_discovery:discover_packages(ignore) discover
[0.539s] Level 1:colcon.colcon_core.package_discovery:discover_packages(ignore) using defaults
[0.539s] Level 1:colcon.colcon_core.package_discovery:discover_packages(path) discover
[0.539s] Level 1:colcon.colcon_core.package_discovery:discover_packages(path) using defaults
[0.594s] Level 1:colcon.colcon_core.package_discovery:discover_packages(prefix_path) check parameters
[0.594s] Level 1:colcon.colcon_core.package_discovery:discover_packages(prefix_path) discover
[0.598s] DEBUG:colcon.colcon_installed_package_information.package_discovery:Found 1 installed packages in /home/rasmus/exercises_ws/install
[0.599s] DEBUG:colcon.colcon_installed_package_information.package_discovery:Found 1 installed packages in /home/rasmus/exercises_ws/src/install
[0.603s] DEBUG:colcon.colcon_installed_package_information.package_discovery:Found 328 installed packages in /opt/ros/humble
[0.605s] Level 1:colcon.colcon_core.package_discovery:discover_packages(prefix_path) using defaults
[0.686s] Level 5:colcon.colcon_core.verb:set package 'ros2_exercise' build argument 'cmake_args' from command line to 'None'
[0.686s] Level 5:colcon.colcon_core.verb:set package 'ros2_exercise' build argument 'cmake_target' from command line to 'None'
[0.686s] Level 5:colcon.colcon_core.verb:set package 'ros2_exercise' build argument 'cmake_target_skip_unavailable' from command line to 'False'
[0.686s] Level 5:colcon.colcon_core.verb:set package 'ros2_exercise' build argument 'cmake_clean_cache' from command line to 'False'
[0.686s] Level 5:colcon.colcon_core.verb:set package 'ros2_exercise' build argument 'cmake_clean_first' from command line to 'False'
[0.686s] Level 5:colcon.colcon_core.verb:set package 'ros2_exercise' build argument 'cmake_force_configure' from command line to 'False'
[0.686s] Level 5:colcon.colcon_core.verb:set package 'ros2_exercise' build argument 'ament_cmake_args' from command line to 'None'
[0.687s] Level 5:colcon.colcon_core.verb:set package 'ros2_exercise' build argument 'catkin_cmake_args' from command line to 'None'
[0.687s] Level 5:colcon.colcon_core.verb:set package 'ros2_exercise' build argument 'catkin_skip_building_tests' from command line to 'False'
[0.687s] DEBUG:colcon.colcon_core.verb:Building package 'ros2_exercise' with the following arguments: {'ament_cmake_args': None, 'build_base': '/home/rasmus/exercises_ws/src/build/ros2_exercise', 'catkin_cmake_args': None, 'catkin_skip_building_tests': False, 'cmake_args': None, 'cmake_clean_cache': False, 'cmake_clean_first': False, 'cmake_force_configure': False, 'cmake_target': None, 'cmake_target_skip_unavailable': False, 'install_base': '/home/rasmus/exercises_ws/src/install/ros2_exercise', 'merge_install': False, 'path': '/home/rasmus/exercises_ws/src/ros2_exercise', 'symlink_install': True, 'test_result_base': None}
[0.687s] INFO:colcon.colcon_core.executor:Executing jobs using 'parallel' executor
[0.688s] DEBUG:colcon.colcon_parallel_executor.executor.parallel:run_until_complete
[0.688s] INFO:colcon.colcon_ros.task.ament_python.build:Building ROS package in '/home/rasmus/exercises_ws/src/ros2_exercise' with build type 'ament_python'
[0.689s] Level 1:colcon.colcon_core.shell:create_environment_hook('ros2_exercise', 'ament_prefix_path')
[0.693s] INFO:colcon.colcon_core.plugin_system:Skipping extension 'colcon_core.shell.bat': Not used on non-Windows systems
[0.693s] INFO:colcon.colcon_core.shell:Creating environment hook '/home/rasmus/exercises_ws/src/install/ros2_exercise/share/ros2_exercise/hook/ament_prefix_path.ps1'
[0.694s] INFO:colcon.colcon_core.shell:Creating environment descriptor '/home/rasmus/exercises_ws/src/install/ros2_exercise/share/ros2_exercise/hook/ament_prefix_path.dsv'
[0.694s] INFO:colcon.colcon_core.shell:Creating environment hook '/home/rasmus/exercises_ws/src/install/ros2_exercise/share/ros2_exercise/hook/ament_prefix_path.sh'
[0.695s] INFO:colcon.colcon_core.shell:Skip shell extension 'powershell' for command environment: Not usable outside of PowerShell
[0.696s] DEBUG:colcon.colcon_core.shell:Skip shell extension 'dsv' for command environment
[1.238s] INFO:colcon.colcon_core.task.python.build:Building Python package in '/home/rasmus/exercises_ws/src/ros2_exercise'
[1.238s] INFO:colcon.colcon_core.shell:Skip shell extension 'powershell' for command environment: Not usable outside of PowerShell
[1.238s] DEBUG:colcon.colcon_core.shell:Skip shell extension 'dsv' for command environment
[1.881s] DEBUG:colcon.colcon_core.event_handler.log_command:Invoking command in '/home/rasmus/exercises_ws/src/build/ros2_exercise': PYTHONPATH=/home/rasmus/exercises_ws/src/build/ros2_exercise/prefix_override:/usr/lib/python3/dist-packages/colcon_core/task/python/colcon_distutils_commands:/home/rasmus/exercises_ws/src/install/ros2_exercise/lib/python3.10/site-packages:${PYTHONPATH} /usr/bin/python3 -W ignore:setup.py install is deprecated -W ignore:easy_install command is deprecated setup.py develop --editable --build-directory /home/rasmus/exercises_ws/src/build/ros2_exercise/build --no-deps symlink_data
[2.755s] Level 1:colcon.colcon_core.shell:create_environment_hook('ros2_exercise', 'pythonpath_develop')
[2.756s] INFO:colcon.colcon_core.shell:Creating environment hook '/home/rasmus/exercises_ws/src/build/ros2_exercise/share/ros2_exercise/hook/pythonpath_develop.ps1'
[2.757s] DEBUG:colcon.colcon_core.event_handler.log_command:Invoked command in '/home/rasmus/exercises_ws/src/build/ros2_exercise' returned '0': PYTHONPATH=/home/rasmus/exercises_ws/src/build/ros2_exercise/prefix_override:/usr/lib/python3/dist-packages/colcon_core/task/python/colcon_distutils_commands:/home/rasmus/exercises_ws/src/install/ros2_exercise/lib/python3.10/site-packages:${PYTHONPATH} /usr/bin/python3 -W ignore:setup.py install is deprecated -W ignore:easy_install command is deprecated setup.py develop --editable --build-directory /home/rasmus/exercises_ws/src/build/ros2_exercise/build --no-deps symlink_data
[2.758s] INFO:colcon.colcon_core.shell:Creating environment descriptor '/home/rasmus/exercises_ws/src/build/ros2_exercise/share/ros2_exercise/hook/pythonpath_develop.dsv'
[2.758s] INFO:colcon.colcon_core.shell:Creating environment hook '/home/rasmus/exercises_ws/src/build/ros2_exercise/share/ros2_exercise/hook/pythonpath_develop.sh'
[2.765s] Level 1:colcon.colcon_core.environment:checking '/home/rasmus/exercises_ws/src/install/ros2_exercise' for CMake module files
[2.766s] Level 1:colcon.colcon_core.environment:checking '/home/rasmus/exercises_ws/src/install/ros2_exercise' for CMake config files
[2.767s] Level 1:colcon.colcon_core.environment:checking '/home/rasmus/exercises_ws/src/install/ros2_exercise/lib'
[2.767s] Level 1:colcon.colcon_core.environment:checking '/home/rasmus/exercises_ws/src/install/ros2_exercise/bin'
[2.768s] Level 1:colcon.colcon_core.environment:checking '/home/rasmus/exercises_ws/src/install/ros2_exercise/lib/pkgconfig/ros2_exercise.pc'
[2.768s] Level 1:colcon.colcon_core.environment:checking '/home/rasmus/exercises_ws/src/install/ros2_exercise/lib/python3.10/site-packages'
[2.768s] Level 1:colcon.colcon_core.shell:create_environment_hook('ros2_exercise', 'pythonpath')
[2.768s] INFO:colcon.colcon_core.shell:Creating environment hook '/home/rasmus/exercises_ws/src/install/ros2_exercise/share/ros2_exercise/hook/pythonpath.ps1'
[2.769s] INFO:colcon.colcon_core.shell:Creating environment descriptor '/home/rasmus/exercises_ws/src/install/ros2_exercise/share/ros2_exercise/hook/pythonpath.dsv'
[2.770s] INFO:colcon.colcon_core.shell:Creating environment hook '/home/rasmus/exercises_ws/src/install/ros2_exercise/share/ros2_exercise/hook/pythonpath.sh'
[2.771s] Level 1:colcon.colcon_core.environment:checking '/home/rasmus/exercises_ws/src/install/ros2_exercise/bin'
[2.772s] Level 1:colcon.colcon_core.environment:create_environment_scripts_only(ros2_exercise)
[2.772s] INFO:colcon.colcon_core.shell:Creating package script '/home/rasmus/exercises_ws/src/install/ros2_exercise/share/ros2_exercise/package.ps1'
[2.773s] INFO:colcon.colcon_core.shell:Creating package descriptor '/home/rasmus/exercises_ws/src/install/ros2_exercise/share/ros2_exercise/package.dsv'
[2.774s] INFO:colcon.colcon_core.shell:Creating package script '/home/rasmus/exercises_ws/src/install/ros2_exercise/share/ros2_exercise/package.sh'
[2.776s] INFO:colcon.colcon_core.shell:Creating package script '/home/rasmus/exercises_ws/src/install/ros2_exercise/share/ros2_exercise/package.bash'
[2.777s] INFO:colcon.colcon_core.shell:Creating package script '/home/rasmus/exercises_ws/src/install/ros2_exercise/share/ros2_exercise/package.zsh'
[2.779s] Level 1:colcon.colcon_core.environment:create_file_with_runtime_dependencies(/home/rasmus/exercises_ws/src/install/ros2_exercise/share/colcon-core/packages/ros2_exercise)
[2.780s] DEBUG:colcon.colcon_parallel_executor.executor.parallel:closing loop
[2.782s] DEBUG:colcon.colcon_parallel_executor.executor.parallel:loop closed
[2.782s] DEBUG:colcon.colcon_parallel_executor.executor.parallel:run_until_complete finished with '0'
[2.782s] DEBUG:colcon.colcon_core.event_reactor:joining thread
[2.791s] INFO:colcon.colcon_core.plugin_system:Skipping extension 'colcon_notification.desktop_notification.terminal_notifier': Not used on non-Darwin systems
[2.791s] INFO:colcon.colcon_core.plugin_system:Skipping extension 'colcon_notification.desktop_notification.win32': Not used on non-Windows systems
[2.791s] INFO:colcon.colcon_notification.desktop_notification:Sending desktop notification using 'notify2'
[2.811s] DEBUG:colcon.colcon_core.event_reactor:joined thread
[2.811s] INFO:colcon.colcon_core.shell:Creating prefix script '/home/rasmus/exercises_ws/src/install/local_setup.ps1'
[2.813s] INFO:colcon.colcon_core.shell:Creating prefix util module '/home/rasmus/exercises_ws/src/install/_local_setup_util_ps1.py'
[2.815s] INFO:colcon.colcon_core.shell:Creating prefix chain script '/home/rasmus/exercises_ws/src/install/setup.ps1'
[2.818s] INFO:colcon.colcon_core.shell:Creating prefix script '/home/rasmus/exercises_ws/src/install/local_setup.sh'
[2.820s] INFO:colcon.colcon_core.shell:Creating prefix util module '/home/rasmus/exercises_ws/src/install/_local_setup_util_sh.py'
[2.821s] INFO:colcon.colcon_core.shell:Creating prefix chain script '/home/rasmus/exercises_ws/src/install/setup.sh'
[2.824s] INFO:colcon.colcon_core.shell:Creating prefix script '/home/rasmus/exercises_ws/src/install/local_setup.bash'
[2.825s] INFO:colcon.colcon_core.shell:Creating prefix chain script '/home/rasmus/exercises_ws/src/install/setup.bash'
[2.826s] INFO:colcon.colcon_core.shell:Creating prefix script '/home/rasmus/exercises_ws/src/install/local_setup.zsh'
[2.827s] INFO:colcon.colcon_core.shell:Creating prefix chain script '/home/rasmus/exercises_ws/src/install/setup.zsh'
