[0.209s] DEBUG:colcon:Command line arguments: ['/usr/bin/colcon', 'build', '--symlink-install']
[0.209s] DEBUG:colcon:Parsed command line arguments: Namespace(log_base=None, log_level=None, verb_name='build', build_base='build', install_base='install', merge_install=False, symlink_install=True, test_result_base=None, continue_on_error=False, executor='parallel', parallel_workers=8, event_handlers=None, ignore_user_meta=False, metas=['./colcon.meta'], base_paths=['.'], packages_ignore=None, packages_ignore_regex=None, paths=None, packages_up_to=None, packages_up_to_regex=None, packages_above=None, packages_above_and_dependencies=None, packages_above_depth=None, packages_select_by_dep=None, packages_skip_by_dep=None, packages_skip_up_to=None, packages_select_build_failed=False, packages_skip_build_finished=False, packages_select_test_failures=False, packages_skip_test_passed=False, packages_select=None, packages_skip=None, packages_select_regex=None, packages_skip_regex=None, packages_start=None, packages_end=None, allow_overriding=[], cmake_args=None, cmake_target=None, cmake_target_skip_unavailable=False, cmake_clean_cache=False, cmake_clean_first=False, cmake_force_configure=False, ament_cmake_args=None, catkin_cmake_args=None, catkin_skip_building_tests=False, mixin_files=None, mixin=None, verb_parser=<colcon_mixin.mixin.mixin_argument.MixinArgumentDecorator object at 0x77cae124e110>, verb_extension=<colcon_core.verb.build.BuildVerb object at 0x77cae13cf970>, main=<bound method BuildVerb.main of <colcon_core.verb.build.BuildVerb object at 0x77cae13cf970>>, mixin_verb=('build',))
[0.520s] Level 1:colcon.colcon_core.package_discovery:discover_packages(colcon_meta) check parameters
[0.520s] Level 1:colcon.colcon_core.package_discovery:discover_packages(recursive) check parameters
[0.520s] Level 1:colcon.colcon_core.package_discovery:discover_packages(ignore) check parameters
[0.520s] Level 1:colcon.colcon_core.package_discovery:discover_packages(path) check parameters
[0.520s] Level 1:colcon.colcon_core.package_discovery:discover_packages(colcon_meta) discover
[0.521s] Level 1:colcon.colcon_core.package_discovery:discover_packages(recursive) discover
[0.521s] INFO:colcon.colcon_core.package_discovery:Crawling recursively for packages in '/home/rasmus/exercises_ws'
[0.521s] Level 1:colcon.colcon_core.package_identification:_identify(.) by extensions ['ignore', 'ignore_ament_install']
[0.521s] Level 1:colcon.colcon_core.package_identification:_identify(.) by extension 'ignore'
[0.521s] Level 1:colcon.colcon_core.package_identification:_identify(.) by extension 'ignore_ament_install'
[0.521s] Level 1:colcon.colcon_core.package_identification:_identify(.) by extensions ['colcon_pkg']
[0.521s] Level 1:colcon.colcon_core.package_identification:_identify(.) by extension 'colcon_pkg'
[0.521s] Level 1:colcon.colcon_core.package_identification:_identify(.) by extensions ['colcon_meta']
[0.521s] Level 1:colcon.colcon_core.package_identification:_identify(.) by extension 'colcon_meta'
[0.522s] Level 1:colcon.colcon_core.package_identification:_identify(.) by extensions ['ros']
[0.522s] Level 1:colcon.colcon_core.package_identification:_identify(.) by extension 'ros'
[0.540s] Level 1:colcon.colcon_core.package_identification:_identify(.) by extensions ['cmake', 'python']
[0.540s] Level 1:colcon.colcon_core.package_identification:_identify(.) by extension 'cmake'
[0.540s] Level 1:colcon.colcon_core.package_identification:_identify(.) by extension 'python'
[0.540s] Level 1:colcon.colcon_core.package_identification:_identify(.) by extensions ['python_setup_py']
[0.540s] Level 1:colcon.colcon_core.package_identification:_identify(.) by extension 'python_setup_py'
[0.540s] Level 1:colcon.colcon_core.package_identification:_identify(build) by extensions ['ignore', 'ignore_ament_install']
[0.540s] Level 1:colcon.colcon_core.package_identification:_identify(build) by extension 'ignore'
[0.540s] Level 1:colcon.colcon_core.package_identification:_identify(build) ignored
[0.541s] Level 1:colcon.colcon_core.package_identification:_identify(install) by extensions ['ignore', 'ignore_ament_install']
[0.541s] Level 1:colcon.colcon_core.package_identification:_identify(install) by extension 'ignore'
[0.541s] Level 1:colcon.colcon_core.package_identification:_identify(install) ignored
[0.541s] Level 1:colcon.colcon_core.package_identification:_identify(log) by extensions ['ignore', 'ignore_ament_install']
[0.541s] Level 1:colcon.colcon_core.package_identification:_identify(log) by extension 'ignore'
[0.541s] Level 1:colcon.colcon_core.package_identification:_identify(log) ignored
[0.541s] Level 1:colcon.colcon_core.package_identification:_identify(src) by extensions ['ignore', 'ignore_ament_install']
[0.541s] Level 1:colcon.colcon_core.package_identification:_identify(src) by extension 'ignore'
[0.542s] Level 1:colcon.colcon_core.package_identification:_identify(src) by extension 'ignore_ament_install'
[0.542s] Level 1:colcon.colcon_core.package_identification:_identify(src) by extensions ['colcon_pkg']
[0.542s] Level 1:colcon.colcon_core.package_identification:_identify(src) by extension 'colcon_pkg'
[0.542s] Level 1:colcon.colcon_core.package_identification:_identify(src) by extensions ['colcon_meta']
[0.542s] Level 1:colcon.colcon_core.package_identification:_identify(src) by extension 'colcon_meta'
[0.542s] Level 1:colcon.colcon_core.package_identification:_identify(src) by extensions ['ros']
[0.542s] Level 1:colcon.colcon_core.package_identification:_identify(src) by extension 'ros'
[0.543s] Level 1:colcon.colcon_core.package_identification:_identify(src) by extensions ['cmake', 'python']
[0.543s] Level 1:colcon.colcon_core.package_identification:_identify(src) by extension 'cmake'
[0.543s] Level 1:colcon.colcon_core.package_identification:_identify(src) by extension 'python'
[0.543s] Level 1:colcon.colcon_core.package_identification:_identify(src) by extensions ['python_setup_py']
[0.543s] Level 1:colcon.colcon_core.package_identification:_identify(src) by extension 'python_setup_py'
[0.543s] Level 1:colcon.colcon_core.package_identification:_identify(src/build) by extensions ['ignore', 'ignore_ament_install']
[0.543s] Level 1:colcon.colcon_core.package_identification:_identify(src/build) by extension 'ignore'
[0.543s] Level 1:colcon.colcon_core.package_identification:_identify(src/build) ignored
[0.544s] Level 1:colcon.colcon_core.package_identification:_identify(src/install) by extensions ['ignore', 'ignore_ament_install']
[0.544s] Level 1:colcon.colcon_core.package_identification:_identify(src/install) by extension 'ignore'
[0.544s] Level 1:colcon.colcon_core.package_identification:_identify(src/install) ignored
[0.544s] Level 1:colcon.colcon_core.package_identification:_identify(src/log) by extensions ['ignore', 'ignore_ament_install']
[0.544s] Level 1:colcon.colcon_core.package_identification:_identify(src/log) by extension 'ignore'
[0.544s] Level 1:colcon.colcon_core.package_identification:_identify(src/log) ignored
[0.544s] Level 1:colcon.colcon_core.package_identification:_identify(src/path_planner_example) by extensions ['ignore', 'ignore_ament_install']
[0.545s] Level 1:colcon.colcon_core.package_identification:_identify(src/path_planner_example) by extension 'ignore'
[0.545s] Level 1:colcon.colcon_core.package_identification:_identify(src/path_planner_example) by extension 'ignore_ament_install'
[0.545s] Level 1:colcon.colcon_core.package_identification:_identify(src/path_planner_example) by extensions ['colcon_pkg']
[0.545s] Level 1:colcon.colcon_core.package_identification:_identify(src/path_planner_example) by extension 'colcon_pkg'
[0.545s] Level 1:colcon.colcon_core.package_identification:_identify(src/path_planner_example) by extensions ['colcon_meta']
[0.545s] Level 1:colcon.colcon_core.package_identification:_identify(src/path_planner_example) by extension 'colcon_meta'
[0.545s] Level 1:colcon.colcon_core.package_identification:_identify(src/path_planner_example) by extensions ['ros']
[0.545s] Level 1:colcon.colcon_core.package_identification:_identify(src/path_planner_example) by extension 'ros'
[0.550s] DEBUG:colcon.colcon_core.package_identification:Package 'src/path_planner_example' with type 'ros.ament_python' and name 'path_planner_example'
[0.550s] Level 1:colcon.colcon_core.package_identification:_identify(src/ros2_exercise) by extensions ['ignore', 'ignore_ament_install']
[0.550s] Level 1:colcon.colcon_core.package_identification:_identify(src/ros2_exercise) by extension 'ignore'
[0.550s] Level 1:colcon.colcon_core.package_identification:_identify(src/ros2_exercise) by extension 'ignore_ament_install'
[0.551s] Level 1:colcon.colcon_core.package_identification:_identify(src/ros2_exercise) by extensions ['colcon_pkg']
[0.551s] Level 1:colcon.colcon_core.package_identification:_identify(src/ros2_exercise) by extension 'colcon_pkg'
[0.551s] Level 1:colcon.colcon_core.package_identification:_identify(src/ros2_exercise) by extensions ['colcon_meta']
[0.551s] Level 1:colcon.colcon_core.package_identification:_identify(src/ros2_exercise) by extension 'colcon_meta'
[0.551s] Level 1:colcon.colcon_core.package_identification:_identify(src/ros2_exercise) by extensions ['ros']
[0.551s] Level 1:colcon.colcon_core.package_identification:_identify(src/ros2_exercise) by extension 'ros'
[0.552s] DEBUG:colcon.colcon_core.package_identification:Package 'src/ros2_exercise' with type 'ros.ament_python' and name 'ros2_exercise'
[0.552s] Level 1:colcon.colcon_core.package_discovery:discover_packages(recursive) using defaults
[0.552s] Level 1:colcon.colcon_core.package_discovery:discover_packages(ignore) discover
[0.552s] Level 1:colcon.colcon_core.package_discovery:discover_packages(ignore) using defaults
[0.552s] Level 1:colcon.colcon_core.package_discovery:discover_packages(path) discover
[0.552s] Level 1:colcon.colcon_core.package_discovery:discover_packages(path) using defaults
[0.610s] Level 1:colcon.colcon_core.package_discovery:discover_packages(prefix_path) check parameters
[0.610s] Level 1:colcon.colcon_core.package_discovery:discover_packages(prefix_path) discover
[0.614s] DEBUG:colcon.colcon_installed_package_information.package_discovery:Found 1 installed packages in /home/rasmus/exercises_ws/install
[0.615s] DEBUG:colcon.colcon_installed_package_information.package_discovery:Found 2 installed packages in /home/rasmus/exercises_ws/src/install
[0.618s] DEBUG:colcon.colcon_installed_package_information.package_discovery:Found 328 installed packages in /opt/ros/humble
[0.621s] Level 1:colcon.colcon_core.package_discovery:discover_packages(prefix_path) using defaults
[0.702s] Level 5:colcon.colcon_core.verb:set package 'path_planner_example' build argument 'cmake_args' from command line to 'None'
[0.702s] Level 5:colcon.colcon_core.verb:set package 'path_planner_example' build argument 'cmake_target' from command line to 'None'
[0.702s] Level 5:colcon.colcon_core.verb:set package 'path_planner_example' build argument 'cmake_target_skip_unavailable' from command line to 'False'
[0.703s] Level 5:colcon.colcon_core.verb:set package 'path_planner_example' build argument 'cmake_clean_cache' from command line to 'False'
[0.703s] Level 5:colcon.colcon_core.verb:set package 'path_planner_example' build argument 'cmake_clean_first' from command line to 'False'
[0.703s] Level 5:colcon.colcon_core.verb:set package 'path_planner_example' build argument 'cmake_force_configure' from command line to 'False'
[0.703s] Level 5:colcon.colcon_core.verb:set package 'path_planner_example' build argument 'ament_cmake_args' from command line to 'None'
[0.703s] Level 5:colcon.colcon_core.verb:set package 'path_planner_example' build argument 'catkin_cmake_args' from command line to 'None'
[0.703s] Level 5:colcon.colcon_core.verb:set package 'path_planner_example' build argument 'catkin_skip_building_tests' from command line to 'False'
[0.703s] DEBUG:colcon.colcon_core.verb:Building package 'path_planner_example' with the following arguments: {'ament_cmake_args': None, 'build_base': '/home/rasmus/exercises_ws/build/path_planner_example', 'catkin_cmake_args': None, 'catkin_skip_building_tests': False, 'cmake_args': None, 'cmake_clean_cache': False, 'cmake_clean_first': False, 'cmake_force_configure': False, 'cmake_target': None, 'cmake_target_skip_unavailable': False, 'install_base': '/home/rasmus/exercises_ws/install/path_planner_example', 'merge_install': False, 'path': '/home/rasmus/exercises_ws/src/path_planner_example', 'symlink_install': True, 'test_result_base': None}
[0.704s] Level 5:colcon.colcon_core.verb:set package 'ros2_exercise' build argument 'cmake_args' from command line to 'None'
[0.704s] Level 5:colcon.colcon_core.verb:set package 'ros2_exercise' build argument 'cmake_target' from command line to 'None'
[0.704s] Level 5:colcon.colcon_core.verb:set package 'ros2_exercise' build argument 'cmake_target_skip_unavailable' from command line to 'False'
[0.704s] Level 5:colcon.colcon_core.verb:set package 'ros2_exercise' build argument 'cmake_clean_cache' from command line to 'False'
[0.704s] Level 5:colcon.colcon_core.verb:set package 'ros2_exercise' build argument 'cmake_clean_first' from command line to 'False'
[0.704s] Level 5:colcon.colcon_core.verb:set package 'ros2_exercise' build argument 'cmake_force_configure' from command line to 'False'
[0.704s] Level 5:colcon.colcon_core.verb:set package 'ros2_exercise' build argument 'ament_cmake_args' from command line to 'None'
[0.704s] Level 5:colcon.colcon_core.verb:set package 'ros2_exercise' build argument 'catkin_cmake_args' from command line to 'None'
[0.704s] Level 5:colcon.colcon_core.verb:set package 'ros2_exercise' build argument 'catkin_skip_building_tests' from command line to 'False'
[0.704s] DEBUG:colcon.colcon_core.verb:Building package 'ros2_exercise' with the following arguments: {'ament_cmake_args': None, 'build_base': '/home/rasmus/exercises_ws/build/ros2_exercise', 'catkin_cmake_args': None, 'catkin_skip_building_tests': False, 'cmake_args': None, 'cmake_clean_cache': False, 'cmake_clean_first': False, 'cmake_force_configure': False, 'cmake_target': None, 'cmake_target_skip_unavailable': False, 'install_base': '/home/rasmus/exercises_ws/install/ros2_exercise', 'merge_install': False, 'path': '/home/rasmus/exercises_ws/src/ros2_exercise', 'symlink_install': True, 'test_result_base': None}
[0.705s] INFO:colcon.colcon_core.executor:Executing jobs using 'parallel' executor
[0.706s] DEBUG:colcon.colcon_parallel_executor.executor.parallel:run_until_complete
[0.706s] INFO:colcon.colcon_ros.task.ament_python.build:Building ROS package in '/home/rasmus/exercises_ws/src/path_planner_example' with build type 'ament_python'
[0.707s] Level 1:colcon.colcon_core.shell:create_environment_hook('path_planner_example', 'ament_prefix_path')
[0.712s] INFO:colcon.colcon_core.plugin_system:Skipping extension 'colcon_core.shell.bat': Not used on non-Windows systems
[0.712s] INFO:colcon.colcon_core.shell:Creating environment hook '/home/rasmus/exercises_ws/install/path_planner_example/share/path_planner_example/hook/ament_prefix_path.ps1'
[0.713s] INFO:colcon.colcon_core.shell:Creating environment descriptor '/home/rasmus/exercises_ws/install/path_planner_example/share/path_planner_example/hook/ament_prefix_path.dsv'
[0.714s] INFO:colcon.colcon_core.shell:Creating environment hook '/home/rasmus/exercises_ws/install/path_planner_example/share/path_planner_example/hook/ament_prefix_path.sh'
[0.716s] INFO:colcon.colcon_core.shell:Skip shell extension 'powershell' for command environment: Not usable outside of PowerShell
[0.716s] DEBUG:colcon.colcon_core.shell:Skip shell extension 'dsv' for command environment
[0.723s] INFO:colcon.colcon_ros.task.ament_python.build:Building ROS package in '/home/rasmus/exercises_ws/src/ros2_exercise' with build type 'ament_python'
[0.724s] Level 1:colcon.colcon_core.shell:create_environment_hook('ros2_exercise', 'ament_prefix_path')
[0.724s] INFO:colcon.colcon_core.shell:Creating environment hook '/home/rasmus/exercises_ws/install/ros2_exercise/share/ros2_exercise/hook/ament_prefix_path.ps1'
[0.725s] INFO:colcon.colcon_core.shell:Creating environment descriptor '/home/rasmus/exercises_ws/install/ros2_exercise/share/ros2_exercise/hook/ament_prefix_path.dsv'
[0.725s] INFO:colcon.colcon_core.shell:Creating environment hook '/home/rasmus/exercises_ws/install/ros2_exercise/share/ros2_exercise/hook/ament_prefix_path.sh'
[0.727s] INFO:colcon.colcon_core.shell:Skip shell extension 'powershell' for command environment: Not usable outside of PowerShell
[0.727s] DEBUG:colcon.colcon_core.shell:Skip shell extension 'dsv' for command environment
[1.275s] INFO:colcon.colcon_core.task.python.build:Building Python package in '/home/rasmus/exercises_ws/src/path_planner_example'
[1.275s] INFO:colcon.colcon_core.shell:Skip shell extension 'powershell' for command environment: Not usable outside of PowerShell
[1.275s] DEBUG:colcon.colcon_core.shell:Skip shell extension 'dsv' for command environment
[1.847s] INFO:colcon.colcon_core.task.python.build:Building Python package in '/home/rasmus/exercises_ws/src/ros2_exercise'
[1.848s] INFO:colcon.colcon_core.shell:Skip shell extension 'powershell' for command environment: Not usable outside of PowerShell
[1.848s] DEBUG:colcon.colcon_core.shell:Skip shell extension 'dsv' for command environment
[2.502s] DEBUG:colcon.colcon_core.event_handler.log_command:Invoking command in '/home/rasmus/exercises_ws/build/ros2_exercise': PYTHONPATH=/home/rasmus/exercises_ws/build/ros2_exercise/prefix_override:/usr/lib/python3/dist-packages/colcon_core/task/python/colcon_distutils_commands:/home/rasmus/exercises_ws/install/ros2_exercise/lib/python3.10/site-packages:${PYTHONPATH} /usr/bin/python3 -W ignore:setup.py install is deprecated -W ignore:easy_install command is deprecated setup.py develop --editable --build-directory /home/rasmus/exercises_ws/build/ros2_exercise/build --no-deps symlink_data
[2.515s] DEBUG:colcon.colcon_core.event_handler.log_command:Invoking command in '/home/rasmus/exercises_ws/build/path_planner_example': PYTHONPATH=/home/rasmus/exercises_ws/build/path_planner_example/prefix_override:/usr/lib/python3/dist-packages/colcon_core/task/python/colcon_distutils_commands:/home/rasmus/exercises_ws/install/path_planner_example/lib/python3.10/site-packages:${PYTHONPATH} /usr/bin/python3 -W ignore:setup.py install is deprecated -W ignore:easy_install command is deprecated setup.py develop --editable --build-directory /home/rasmus/exercises_ws/build/path_planner_example/build --no-deps symlink_data
[3.445s] Level 1:colcon.colcon_core.shell:create_environment_hook('path_planner_example', 'pythonpath_develop')
[3.445s] INFO:colcon.colcon_core.shell:Creating environment hook '/home/rasmus/exercises_ws/build/path_planner_example/share/path_planner_example/hook/pythonpath_develop.ps1'
[3.446s] DEBUG:colcon.colcon_core.event_handler.log_command:Invoked command in '/home/rasmus/exercises_ws/build/path_planner_example' returned '0': PYTHONPATH=/home/rasmus/exercises_ws/build/path_planner_example/prefix_override:/usr/lib/python3/dist-packages/colcon_core/task/python/colcon_distutils_commands:/home/rasmus/exercises_ws/install/path_planner_example/lib/python3.10/site-packages:${PYTHONPATH} /usr/bin/python3 -W ignore:setup.py install is deprecated -W ignore:easy_install command is deprecated setup.py develop --editable --build-directory /home/rasmus/exercises_ws/build/path_planner_example/build --no-deps symlink_data
[3.447s] INFO:colcon.colcon_core.shell:Creating environment descriptor '/home/rasmus/exercises_ws/build/path_planner_example/share/path_planner_example/hook/pythonpath_develop.dsv'
[3.448s] INFO:colcon.colcon_core.shell:Creating environment hook '/home/rasmus/exercises_ws/build/path_planner_example/share/path_planner_example/hook/pythonpath_develop.sh'
[3.453s] Level 1:colcon.colcon_core.environment:checking '/home/rasmus/exercises_ws/install/path_planner_example' for CMake module files
[3.453s] Level 1:colcon.colcon_core.environment:checking '/home/rasmus/exercises_ws/install/path_planner_example' for CMake config files
[3.454s] Level 1:colcon.colcon_core.environment:checking '/home/rasmus/exercises_ws/install/path_planner_example/lib'
[3.455s] Level 1:colcon.colcon_core.environment:checking '/home/rasmus/exercises_ws/install/path_planner_example/bin'
[3.455s] Level 1:colcon.colcon_core.environment:checking '/home/rasmus/exercises_ws/install/path_planner_example/lib/pkgconfig/path_planner_example.pc'
[3.455s] Level 1:colcon.colcon_core.environment:checking '/home/rasmus/exercises_ws/install/path_planner_example/lib/python3.10/site-packages'
[3.455s] Level 1:colcon.colcon_core.shell:create_environment_hook('path_planner_example', 'pythonpath')
[3.456s] INFO:colcon.colcon_core.shell:Creating environment hook '/home/rasmus/exercises_ws/install/path_planner_example/share/path_planner_example/hook/pythonpath.ps1'
[3.457s] INFO:colcon.colcon_core.shell:Creating environment descriptor '/home/rasmus/exercises_ws/install/path_planner_example/share/path_planner_example/hook/pythonpath.dsv'
[3.458s] INFO:colcon.colcon_core.shell:Creating environment hook '/home/rasmus/exercises_ws/install/path_planner_example/share/path_planner_example/hook/pythonpath.sh'
[3.459s] Level 1:colcon.colcon_core.environment:checking '/home/rasmus/exercises_ws/install/path_planner_example/bin'
[3.459s] Level 1:colcon.colcon_core.environment:create_environment_scripts_only(path_planner_example)
[3.460s] INFO:colcon.colcon_core.shell:Creating package script '/home/rasmus/exercises_ws/install/path_planner_example/share/path_planner_example/package.ps1'
[3.463s] INFO:colcon.colcon_core.shell:Creating package descriptor '/home/rasmus/exercises_ws/install/path_planner_example/share/path_planner_example/package.dsv'
[3.464s] INFO:colcon.colcon_core.shell:Creating package script '/home/rasmus/exercises_ws/install/path_planner_example/share/path_planner_example/package.sh'
[3.466s] INFO:colcon.colcon_core.shell:Creating package script '/home/rasmus/exercises_ws/install/path_planner_example/share/path_planner_example/package.bash'
[3.468s] INFO:colcon.colcon_core.shell:Creating package script '/home/rasmus/exercises_ws/install/path_planner_example/share/path_planner_example/package.zsh'
[3.469s] Level 1:colcon.colcon_core.environment:create_file_with_runtime_dependencies(/home/rasmus/exercises_ws/install/path_planner_example/share/colcon-core/packages/path_planner_example)
[3.471s] Level 1:colcon.colcon_core.shell:create_environment_hook('ros2_exercise', 'pythonpath_develop')
[3.472s] INFO:colcon.colcon_core.shell:Creating environment hook '/home/rasmus/exercises_ws/build/ros2_exercise/share/ros2_exercise/hook/pythonpath_develop.ps1'
[3.472s] DEBUG:colcon.colcon_core.event_handler.log_command:Invoked command in '/home/rasmus/exercises_ws/build/ros2_exercise' returned '0': PYTHONPATH=/home/rasmus/exercises_ws/build/ros2_exercise/prefix_override:/usr/lib/python3/dist-packages/colcon_core/task/python/colcon_distutils_commands:/home/rasmus/exercises_ws/install/ros2_exercise/lib/python3.10/site-packages:${PYTHONPATH} /usr/bin/python3 -W ignore:setup.py install is deprecated -W ignore:easy_install command is deprecated setup.py develop --editable --build-directory /home/rasmus/exercises_ws/build/ros2_exercise/build --no-deps symlink_data
[3.473s] INFO:colcon.colcon_core.shell:Creating environment descriptor '/home/rasmus/exercises_ws/build/ros2_exercise/share/ros2_exercise/hook/pythonpath_develop.dsv'
[3.474s] INFO:colcon.colcon_core.shell:Creating environment hook '/home/rasmus/exercises_ws/build/ros2_exercise/share/ros2_exercise/hook/pythonpath_develop.sh'
[3.475s] Level 1:colcon.colcon_core.environment:checking '/home/rasmus/exercises_ws/install/ros2_exercise' for CMake module files
[3.475s] Level 1:colcon.colcon_core.environment:checking '/home/rasmus/exercises_ws/install/ros2_exercise' for CMake config files
[3.476s] Level 1:colcon.colcon_core.environment:checking '/home/rasmus/exercises_ws/install/ros2_exercise/lib'
[3.476s] Level 1:colcon.colcon_core.environment:checking '/home/rasmus/exercises_ws/install/ros2_exercise/bin'
[3.476s] Level 1:colcon.colcon_core.environment:checking '/home/rasmus/exercises_ws/install/ros2_exercise/lib/pkgconfig/ros2_exercise.pc'
[3.477s] Level 1:colcon.colcon_core.environment:checking '/home/rasmus/exercises_ws/install/ros2_exercise/lib/python3.10/site-packages'
[3.477s] Level 1:colcon.colcon_core.shell:create_environment_hook('ros2_exercise', 'pythonpath')
[3.477s] INFO:colcon.colcon_core.shell:Creating environment hook '/home/rasmus/exercises_ws/install/ros2_exercise/share/ros2_exercise/hook/pythonpath.ps1'
[3.478s] INFO:colcon.colcon_core.shell:Creating environment descriptor '/home/rasmus/exercises_ws/install/ros2_exercise/share/ros2_exercise/hook/pythonpath.dsv'
[3.479s] INFO:colcon.colcon_core.shell:Creating environment hook '/home/rasmus/exercises_ws/install/ros2_exercise/share/ros2_exercise/hook/pythonpath.sh'
[3.481s] Level 1:colcon.colcon_core.environment:checking '/home/rasmus/exercises_ws/install/ros2_exercise/bin'
[3.482s] Level 1:colcon.colcon_core.environment:create_environment_scripts_only(ros2_exercise)
[3.483s] INFO:colcon.colcon_core.shell:Creating package script '/home/rasmus/exercises_ws/install/ros2_exercise/share/ros2_exercise/package.ps1'
[3.484s] INFO:colcon.colcon_core.shell:Creating package descriptor '/home/rasmus/exercises_ws/install/ros2_exercise/share/ros2_exercise/package.dsv'
[3.486s] INFO:colcon.colcon_core.shell:Creating package script '/home/rasmus/exercises_ws/install/ros2_exercise/share/ros2_exercise/package.sh'
[3.487s] INFO:colcon.colcon_core.shell:Creating package script '/home/rasmus/exercises_ws/install/ros2_exercise/share/ros2_exercise/package.bash'
[3.489s] INFO:colcon.colcon_core.shell:Creating package script '/home/rasmus/exercises_ws/install/ros2_exercise/share/ros2_exercise/package.zsh'
[3.490s] Level 1:colcon.colcon_core.environment:create_file_with_runtime_dependencies(/home/rasmus/exercises_ws/install/ros2_exercise/share/colcon-core/packages/ros2_exercise)
[3.490s] DEBUG:colcon.colcon_parallel_executor.executor.parallel:closing loop
[3.491s] DEBUG:colcon.colcon_parallel_executor.executor.parallel:loop closed
[3.492s] DEBUG:colcon.colcon_parallel_executor.executor.parallel:run_until_complete finished with '0'
[3.492s] DEBUG:colcon.colcon_core.event_reactor:joining thread
[3.504s] INFO:colcon.colcon_core.plugin_system:Skipping extension 'colcon_notification.desktop_notification.terminal_notifier': Not used on non-Darwin systems
[3.504s] INFO:colcon.colcon_core.plugin_system:Skipping extension 'colcon_notification.desktop_notification.win32': Not used on non-Windows systems
[3.504s] INFO:colcon.colcon_notification.desktop_notification:Sending desktop notification using 'notify2'
[3.527s] DEBUG:colcon.colcon_core.event_reactor:joined thread
[3.527s] INFO:colcon.colcon_core.shell:Creating prefix script '/home/rasmus/exercises_ws/install/local_setup.ps1'
[3.528s] INFO:colcon.colcon_core.shell:Creating prefix util module '/home/rasmus/exercises_ws/install/_local_setup_util_ps1.py'
[3.530s] INFO:colcon.colcon_core.shell:Creating prefix chain script '/home/rasmus/exercises_ws/install/setup.ps1'
[3.534s] INFO:colcon.colcon_core.shell:Creating prefix script '/home/rasmus/exercises_ws/install/local_setup.sh'
[3.535s] INFO:colcon.colcon_core.shell:Creating prefix util module '/home/rasmus/exercises_ws/install/_local_setup_util_sh.py'
[3.536s] INFO:colcon.colcon_core.shell:Creating prefix chain script '/home/rasmus/exercises_ws/install/setup.sh'
[3.537s] INFO:colcon.colcon_core.shell:Creating prefix script '/home/rasmus/exercises_ws/install/local_setup.bash'
[3.538s] INFO:colcon.colcon_core.shell:Creating prefix chain script '/home/rasmus/exercises_ws/install/setup.bash'
[3.540s] INFO:colcon.colcon_core.shell:Creating prefix script '/home/rasmus/exercises_ws/install/local_setup.zsh'
[3.541s] INFO:colcon.colcon_core.shell:Creating prefix chain script '/home/rasmus/exercises_ws/install/setup.zsh'
