[0.609s] DEBUG:colcon:Command line arguments: ['/usr/bin/colcon', 'build', '--symlink-install']
[0.609s] DEBUG:colcon:Parsed command line arguments: Namespace(log_base=None, log_level=None, verb_name='build', build_base='build', install_base='install', merge_install=False, symlink_install=True, test_result_base=None, continue_on_error=False, executor='parallel', parallel_workers=8, event_handlers=None, ignore_user_meta=False, metas=['./colcon.meta'], base_paths=['.'], packages_ignore=None, packages_ignore_regex=None, paths=None, packages_up_to=None, packages_up_to_regex=None, packages_above=None, packages_above_and_dependencies=None, packages_above_depth=None, packages_select_by_dep=None, packages_skip_by_dep=None, packages_skip_up_to=None, packages_select_build_failed=False, packages_skip_build_finished=False, packages_select_test_failures=False, packages_skip_test_passed=False, packages_select=None, packages_skip=None, packages_select_regex=None, packages_skip_regex=None, packages_start=None, packages_end=None, allow_overriding=[], cmake_args=None, cmake_target=None, cmake_target_skip_unavailable=False, cmake_clean_cache=False, cmake_clean_first=False, cmake_force_configure=False, ament_cmake_args=None, catkin_cmake_args=None, catkin_skip_building_tests=False, mixin_files=None, mixin=None, verb_parser=<colcon_mixin.mixin.mixin_argument.MixinArgumentDecorator object at 0x74988025d180>, verb_extension=<colcon_core.verb.build.BuildVerb object at 0x7498803da9e0>, main=<bound method BuildVerb.main of <colcon_core.verb.build.BuildVerb object at 0x7498803da9e0>>, mixin_verb=('build',))
[4.288s] Level 1:colcon.colcon_core.package_discovery:discover_packages(colcon_meta) check parameters
[4.289s] Level 1:colcon.colcon_core.package_discovery:discover_packages(recursive) check parameters
[4.289s] Level 1:colcon.colcon_core.package_discovery:discover_packages(ignore) check parameters
[4.289s] Level 1:colcon.colcon_core.package_discovery:discover_packages(path) check parameters
[4.289s] Level 1:colcon.colcon_core.package_discovery:discover_packages(colcon_meta) discover
[4.290s] Level 1:colcon.colcon_core.package_discovery:discover_packages(recursive) discover
[4.290s] INFO:colcon.colcon_core.package_discovery:Crawling recursively for packages in '/home/rasmus/exercises_ws'
[4.290s] Level 1:colcon.colcon_core.package_identification:_identify(.) by extensions ['ignore', 'ignore_ament_install']
[4.291s] Level 1:colcon.colcon_core.package_identification:_identify(.) by extension 'ignore'
[4.291s] Level 1:colcon.colcon_core.package_identification:_identify(.) by extension 'ignore_ament_install'
[4.291s] Level 1:colcon.colcon_core.package_identification:_identify(.) by extensions ['colcon_pkg']
[4.291s] Level 1:colcon.colcon_core.package_identification:_identify(.) by extension 'colcon_pkg'
[4.291s] Level 1:colcon.colcon_core.package_identification:_identify(.) by extensions ['colcon_meta']
[4.292s] Level 1:colcon.colcon_core.package_identification:_identify(.) by extension 'colcon_meta'
[4.292s] Level 1:colcon.colcon_core.package_identification:_identify(.) by extensions ['ros']
[4.292s] Level 1:colcon.colcon_core.package_identification:_identify(.) by extension 'ros'
[4.325s] Level 1:colcon.colcon_core.package_identification:_identify(.) by extensions ['cmake', 'python']
[4.325s] Level 1:colcon.colcon_core.package_identification:_identify(.) by extension 'cmake'
[4.325s] Level 1:colcon.colcon_core.package_identification:_identify(.) by extension 'python'
[4.325s] Level 1:colcon.colcon_core.package_identification:_identify(.) by extensions ['python_setup_py']
[4.325s] Level 1:colcon.colcon_core.package_identification:_identify(.) by extension 'python_setup_py'
[4.325s] Level 1:colcon.colcon_core.package_identification:_identify(build) by extensions ['ignore', 'ignore_ament_install']
[4.325s] Level 1:colcon.colcon_core.package_identification:_identify(build) by extension 'ignore'
[4.325s] Level 1:colcon.colcon_core.package_identification:_identify(build) ignored
[4.326s] Level 1:colcon.colcon_core.package_identification:_identify(install) by extensions ['ignore', 'ignore_ament_install']
[4.326s] Level 1:colcon.colcon_core.package_identification:_identify(install) by extension 'ignore'
[4.326s] Level 1:colcon.colcon_core.package_identification:_identify(install) ignored
[4.326s] Level 1:colcon.colcon_core.package_identification:_identify(log) by extensions ['ignore', 'ignore_ament_install']
[4.326s] Level 1:colcon.colcon_core.package_identification:_identify(log) by extension 'ignore'
[4.326s] Level 1:colcon.colcon_core.package_identification:_identify(log) ignored
[4.326s] Level 1:colcon.colcon_core.package_identification:_identify(src) by extensions ['ignore', 'ignore_ament_install']
[4.326s] Level 1:colcon.colcon_core.package_identification:_identify(src) by extension 'ignore'
[4.327s] Level 1:colcon.colcon_core.package_identification:_identify(src) by extension 'ignore_ament_install'
[4.327s] Level 1:colcon.colcon_core.package_identification:_identify(src) by extensions ['colcon_pkg']
[4.327s] Level 1:colcon.colcon_core.package_identification:_identify(src) by extension 'colcon_pkg'
[4.327s] Level 1:colcon.colcon_core.package_identification:_identify(src) by extensions ['colcon_meta']
[4.327s] Level 1:colcon.colcon_core.package_identification:_identify(src) by extension 'colcon_meta'
[4.327s] Level 1:colcon.colcon_core.package_identification:_identify(src) by extensions ['ros']
[4.327s] Level 1:colcon.colcon_core.package_identification:_identify(src) by extension 'ros'
[4.327s] Level 1:colcon.colcon_core.package_identification:_identify(src) by extensions ['cmake', 'python']
[4.327s] Level 1:colcon.colcon_core.package_identification:_identify(src) by extension 'cmake'
[4.327s] Level 1:colcon.colcon_core.package_identification:_identify(src) by extension 'python'
[4.327s] Level 1:colcon.colcon_core.package_identification:_identify(src) by extensions ['python_setup_py']
[4.327s] Level 1:colcon.colcon_core.package_identification:_identify(src) by extension 'python_setup_py'
[4.327s] Level 1:colcon.colcon_core.package_identification:_identify(src/ros2_exercise) by extensions ['ignore', 'ignore_ament_install']
[4.327s] Level 1:colcon.colcon_core.package_identification:_identify(src/ros2_exercise) by extension 'ignore'
[4.328s] Level 1:colcon.colcon_core.package_identification:_identify(src/ros2_exercise) by extension 'ignore_ament_install'
[4.328s] Level 1:colcon.colcon_core.package_identification:_identify(src/ros2_exercise) by extensions ['colcon_pkg']
[4.328s] Level 1:colcon.colcon_core.package_identification:_identify(src/ros2_exercise) by extension 'colcon_pkg'
[4.328s] Level 1:colcon.colcon_core.package_identification:_identify(src/ros2_exercise) by extensions ['colcon_meta']
[4.328s] Level 1:colcon.colcon_core.package_identification:_identify(src/ros2_exercise) by extension 'colcon_meta'
[4.328s] Level 1:colcon.colcon_core.package_identification:_identify(src/ros2_exercise) by extensions ['ros']
[4.328s] Level 1:colcon.colcon_core.package_identification:_identify(src/ros2_exercise) by extension 'ros'
[4.368s] DEBUG:colcon.colcon_core.package_identification:Package 'src/ros2_exercise' with type 'ros.ament_python' and name 'ros2_exercise'
[4.368s] Level 1:colcon.colcon_core.package_discovery:discover_packages(recursive) using defaults
[4.368s] Level 1:colcon.colcon_core.package_discovery:discover_packages(ignore) discover
[4.368s] Level 1:colcon.colcon_core.package_discovery:discover_packages(ignore) using defaults
[4.368s] Level 1:colcon.colcon_core.package_discovery:discover_packages(path) discover
[4.368s] Level 1:colcon.colcon_core.package_discovery:discover_packages(path) using defaults
[4.698s] Level 1:colcon.colcon_core.package_discovery:discover_packages(prefix_path) check parameters
[4.698s] Level 1:colcon.colcon_core.package_discovery:discover_packages(prefix_path) discover
[4.705s] DEBUG:colcon.colcon_installed_package_information.package_discovery:Found 328 installed packages in /opt/ros/humble
[4.707s] Level 1:colcon.colcon_core.package_discovery:discover_packages(prefix_path) using defaults
[4.797s] Level 5:colcon.colcon_core.verb:set package 'ros2_exercise' build argument 'cmake_args' from command line to 'None'
[4.797s] Level 5:colcon.colcon_core.verb:set package 'ros2_exercise' build argument 'cmake_target' from command line to 'None'
[4.797s] Level 5:colcon.colcon_core.verb:set package 'ros2_exercise' build argument 'cmake_target_skip_unavailable' from command line to 'False'
[4.797s] Level 5:colcon.colcon_core.verb:set package 'ros2_exercise' build argument 'cmake_clean_cache' from command line to 'False'
[4.797s] Level 5:colcon.colcon_core.verb:set package 'ros2_exercise' build argument 'cmake_clean_first' from command line to 'False'
[4.797s] Level 5:colcon.colcon_core.verb:set package 'ros2_exercise' build argument 'cmake_force_configure' from command line to 'False'
[4.797s] Level 5:colcon.colcon_core.verb:set package 'ros2_exercise' build argument 'ament_cmake_args' from command line to 'None'
[4.797s] Level 5:colcon.colcon_core.verb:set package 'ros2_exercise' build argument 'catkin_cmake_args' from command line to 'None'
[4.797s] Level 5:colcon.colcon_core.verb:set package 'ros2_exercise' build argument 'catkin_skip_building_tests' from command line to 'False'
[4.798s] DEBUG:colcon.colcon_core.verb:Building package 'ros2_exercise' with the following arguments: {'ament_cmake_args': None, 'build_base': '/home/rasmus/exercises_ws/build/ros2_exercise', 'catkin_cmake_args': None, 'catkin_skip_building_tests': False, 'cmake_args': None, 'cmake_clean_cache': False, 'cmake_clean_first': False, 'cmake_force_configure': False, 'cmake_target': None, 'cmake_target_skip_unavailable': False, 'install_base': '/home/rasmus/exercises_ws/install/ros2_exercise', 'merge_install': False, 'path': '/home/rasmus/exercises_ws/src/ros2_exercise', 'symlink_install': True, 'test_result_base': None}
[4.798s] INFO:colcon.colcon_core.executor:Executing jobs using 'parallel' executor
[4.799s] DEBUG:colcon.colcon_parallel_executor.executor.parallel:run_until_complete
[4.799s] INFO:colcon.colcon_ros.task.ament_python.build:Building ROS package in '/home/rasmus/exercises_ws/src/ros2_exercise' with build type 'ament_python'
[4.799s] Level 1:colcon.colcon_core.shell:create_environment_hook('ros2_exercise', 'ament_prefix_path')
[4.817s] INFO:colcon.colcon_core.plugin_system:Skipping extension 'colcon_core.shell.bat': Not used on non-Windows systems
[4.818s] INFO:colcon.colcon_core.shell:Creating environment hook '/home/rasmus/exercises_ws/install/ros2_exercise/share/ros2_exercise/hook/ament_prefix_path.ps1'
[4.827s] INFO:colcon.colcon_core.shell:Creating environment descriptor '/home/rasmus/exercises_ws/install/ros2_exercise/share/ros2_exercise/hook/ament_prefix_path.dsv'
[4.830s] INFO:colcon.colcon_core.shell:Creating environment hook '/home/rasmus/exercises_ws/install/ros2_exercise/share/ros2_exercise/hook/ament_prefix_path.sh'
[4.833s] INFO:colcon.colcon_core.shell:Skip shell extension 'powershell' for command environment: Not usable outside of PowerShell
[4.833s] DEBUG:colcon.colcon_core.shell:Skip shell extension 'dsv' for command environment
[5.178s] INFO:colcon.colcon_core.task.python.build:Building Python package in '/home/rasmus/exercises_ws/src/ros2_exercise'
[5.178s] INFO:colcon.colcon_core.shell:Skip shell extension 'powershell' for command environment: Not usable outside of PowerShell
[5.178s] DEBUG:colcon.colcon_core.shell:Skip shell extension 'dsv' for command environment
[5.820s] DEBUG:colcon.colcon_core.event_handler.log_command:Invoking command in '/home/rasmus/exercises_ws/build/ros2_exercise': PYTHONPATH=/home/rasmus/exercises_ws/build/ros2_exercise/prefix_override:/usr/lib/python3/dist-packages/colcon_core/task/python/colcon_distutils_commands:/home/rasmus/exercises_ws/install/ros2_exercise/lib/python3.10/site-packages:${PYTHONPATH} /usr/bin/python3 -W ignore:setup.py install is deprecated -W ignore:easy_install command is deprecated setup.py develop --editable --build-directory /home/rasmus/exercises_ws/build/ros2_exercise/build --no-deps symlink_data
[6.293s] Level 1:colcon.colcon_core.shell:create_environment_hook('ros2_exercise', 'pythonpath_develop')
[6.293s] INFO:colcon.colcon_core.shell:Creating environment hook '/home/rasmus/exercises_ws/build/ros2_exercise/share/ros2_exercise/hook/pythonpath_develop.ps1'
[6.294s] DEBUG:colcon.colcon_core.event_handler.log_command:Invoked command in '/home/rasmus/exercises_ws/build/ros2_exercise' returned '0': PYTHONPATH=/home/rasmus/exercises_ws/build/ros2_exercise/prefix_override:/usr/lib/python3/dist-packages/colcon_core/task/python/colcon_distutils_commands:/home/rasmus/exercises_ws/install/ros2_exercise/lib/python3.10/site-packages:${PYTHONPATH} /usr/bin/python3 -W ignore:setup.py install is deprecated -W ignore:easy_install command is deprecated setup.py develop --editable --build-directory /home/rasmus/exercises_ws/build/ros2_exercise/build --no-deps symlink_data
[6.294s] INFO:colcon.colcon_core.shell:Creating environment descriptor '/home/rasmus/exercises_ws/build/ros2_exercise/share/ros2_exercise/hook/pythonpath_develop.dsv'
[6.295s] INFO:colcon.colcon_core.shell:Creating environment hook '/home/rasmus/exercises_ws/build/ros2_exercise/share/ros2_exercise/hook/pythonpath_develop.sh'
[6.342s] Level 1:colcon.colcon_core.environment:checking '/home/rasmus/exercises_ws/install/ros2_exercise' for CMake module files
[6.343s] Level 1:colcon.colcon_core.environment:checking '/home/rasmus/exercises_ws/install/ros2_exercise' for CMake config files
[6.344s] Level 1:colcon.colcon_core.environment:checking '/home/rasmus/exercises_ws/install/ros2_exercise/lib'
[6.344s] Level 1:colcon.colcon_core.environment:checking '/home/rasmus/exercises_ws/install/ros2_exercise/bin'
[6.345s] Level 1:colcon.colcon_core.environment:checking '/home/rasmus/exercises_ws/install/ros2_exercise/lib/pkgconfig/ros2_exercise.pc'
[6.345s] Level 1:colcon.colcon_core.environment:checking '/home/rasmus/exercises_ws/install/ros2_exercise/lib/python3.10/site-packages'
[6.345s] Level 1:colcon.colcon_core.shell:create_environment_hook('ros2_exercise', 'pythonpath')
[6.346s] INFO:colcon.colcon_core.shell:Creating environment hook '/home/rasmus/exercises_ws/install/ros2_exercise/share/ros2_exercise/hook/pythonpath.ps1'
[6.346s] INFO:colcon.colcon_core.shell:Creating environment descriptor '/home/rasmus/exercises_ws/install/ros2_exercise/share/ros2_exercise/hook/pythonpath.dsv'
[6.347s] INFO:colcon.colcon_core.shell:Creating environment hook '/home/rasmus/exercises_ws/install/ros2_exercise/share/ros2_exercise/hook/pythonpath.sh'
[6.347s] Level 1:colcon.colcon_core.environment:checking '/home/rasmus/exercises_ws/install/ros2_exercise/bin'
[6.348s] Level 1:colcon.colcon_core.environment:create_environment_scripts_only(ros2_exercise)
[6.348s] INFO:colcon.colcon_core.shell:Creating package script '/home/rasmus/exercises_ws/install/ros2_exercise/share/ros2_exercise/package.ps1'
[6.349s] INFO:colcon.colcon_core.shell:Creating package descriptor '/home/rasmus/exercises_ws/install/ros2_exercise/share/ros2_exercise/package.dsv'
[6.351s] INFO:colcon.colcon_core.shell:Creating package script '/home/rasmus/exercises_ws/install/ros2_exercise/share/ros2_exercise/package.sh'
[6.352s] INFO:colcon.colcon_core.shell:Creating package script '/home/rasmus/exercises_ws/install/ros2_exercise/share/ros2_exercise/package.bash'
[6.353s] INFO:colcon.colcon_core.shell:Creating package script '/home/rasmus/exercises_ws/install/ros2_exercise/share/ros2_exercise/package.zsh'
[6.355s] Level 1:colcon.colcon_core.environment:create_file_with_runtime_dependencies(/home/rasmus/exercises_ws/install/ros2_exercise/share/colcon-core/packages/ros2_exercise)
[6.355s] DEBUG:colcon.colcon_parallel_executor.executor.parallel:closing loop
[6.355s] DEBUG:colcon.colcon_parallel_executor.executor.parallel:loop closed
[6.356s] DEBUG:colcon.colcon_parallel_executor.executor.parallel:run_until_complete finished with '0'
[6.356s] DEBUG:colcon.colcon_core.event_reactor:joining thread
[6.363s] INFO:colcon.colcon_core.plugin_system:Skipping extension 'colcon_notification.desktop_notification.terminal_notifier': Not used on non-Darwin systems
[6.363s] INFO:colcon.colcon_core.plugin_system:Skipping extension 'colcon_notification.desktop_notification.win32': Not used on non-Windows systems
[6.364s] INFO:colcon.colcon_notification.desktop_notification:Sending desktop notification using 'notify2'
[6.391s] DEBUG:colcon.colcon_core.event_reactor:joined thread
[6.392s] INFO:colcon.colcon_core.shell:Creating prefix script '/home/rasmus/exercises_ws/install/local_setup.ps1'
[6.393s] INFO:colcon.colcon_core.shell:Creating prefix util module '/home/rasmus/exercises_ws/install/_local_setup_util_ps1.py'
[6.395s] INFO:colcon.colcon_core.shell:Creating prefix chain script '/home/rasmus/exercises_ws/install/setup.ps1'
[6.396s] INFO:colcon.colcon_core.shell:Creating prefix script '/home/rasmus/exercises_ws/install/local_setup.sh'
[6.398s] INFO:colcon.colcon_core.shell:Creating prefix util module '/home/rasmus/exercises_ws/install/_local_setup_util_sh.py'
[6.398s] INFO:colcon.colcon_core.shell:Creating prefix chain script '/home/rasmus/exercises_ws/install/setup.sh'
[6.400s] INFO:colcon.colcon_core.shell:Creating prefix script '/home/rasmus/exercises_ws/install/local_setup.bash'
[6.401s] INFO:colcon.colcon_core.shell:Creating prefix chain script '/home/rasmus/exercises_ws/install/setup.bash'
[6.402s] INFO:colcon.colcon_core.shell:Creating prefix script '/home/rasmus/exercises_ws/install/local_setup.zsh'
[6.403s] INFO:colcon.colcon_core.shell:Creating prefix chain script '/home/rasmus/exercises_ws/install/setup.zsh'
