[1.806s] Invoking command in '/home/rasmus/exercises_ws/build/path_planner_example': PYTHONPATH=/home/rasmus/exercises_ws/build/path_planner_example/prefix_override:/usr/lib/python3/dist-packages/colcon_core/task/python/colcon_distutils_commands:/home/rasmus/exercises_ws/install/path_planner_example/lib/python3.10/site-packages:${PYTHONPATH} /usr/bin/python3 -W ignore:setup.py install is deprecated -W ignore:easy_install command is deprecated setup.py develop --editable --build-directory /home/rasmus/exercises_ws/build/path_planner_example/build --no-deps symlink_data
[2.329s] running develop
[2.647s] running egg_info
[2.648s] creating path_planner_example.egg-info
[2.648s] writing path_planner_example.egg-info/PKG-INFO
[2.648s] writing dependency_links to path_planner_example.egg-info/dependency_links.txt
[2.649s] writing entry points to path_planner_example.egg-info/entry_points.txt
[2.649s] writing requirements to path_planner_example.egg-info/requires.txt
[2.649s] writing top-level names to path_planner_example.egg-info/top_level.txt
[2.649s] writing manifest file 'path_planner_example.egg-info/SOURCES.txt'
[2.652s] reading manifest file 'path_planner_example.egg-info/SOURCES.txt'
[2.654s] writing manifest file 'path_planner_example.egg-info/SOURCES.txt'
[2.658s] running build_ext
[2.659s] Creating /home/rasmus/exercises_ws/install/path_planner_example/lib/python3.10/site-packages/path-planner-example.egg-link (link to .)
[2.661s] Installing path_planner_example_node script to /home/rasmus/exercises_ws/install/path_planner_example/lib/path_planner_example
[2.661s] 
[2.661s] Installed /home/rasmus/exercises_ws/build/path_planner_example
[2.661s] running symlink_data
[2.662s] creating /home/rasmus/exercises_ws/install/path_planner_example/share/ament_index
[2.662s] creating /home/rasmus/exercises_ws/install/path_planner_example/share/ament_index/resource_index
[2.662s] creating /home/rasmus/exercises_ws/install/path_planner_example/share/ament_index/resource_index/packages
[2.662s] symbolically linking /home/rasmus/exercises_ws/build/path_planner_example/resource/path_planner_example -> /home/rasmus/exercises_ws/install/path_planner_example/share/ament_index/resource_index/packages
[2.663s] symbolically linking /home/rasmus/exercises_ws/build/path_planner_example/package.xml -> /home/rasmus/exercises_ws/install/path_planner_example/share/path_planner_example
[2.738s] Invoked command in '/home/rasmus/exercises_ws/build/path_planner_example' returned '0': PYTHONPATH=/home/rasmus/exercises_ws/build/path_planner_example/prefix_override:/usr/lib/python3/dist-packages/colcon_core/task/python/colcon_distutils_commands:/home/rasmus/exercises_ws/install/path_planner_example/lib/python3.10/site-packages:${PYTHONPATH} /usr/bin/python3 -W ignore:setup.py install is deprecated -W ignore:easy_install command is deprecated setup.py develop --editable --build-directory /home/rasmus/exercises_ws/build/path_planner_example/build --no-deps symlink_data
