[1.020s] Invoking command in '/home/rasmus/exercises_ws/build/ros2_exercise': PYTHONPATH=/home/rasmus/exercises_ws/build/ros2_exercise/prefix_override:/usr/lib/python3/dist-packages/colcon_core/task/python/colcon_distutils_commands:/home/rasmus/exercises_ws/install/ros2_exercise/lib/python3.10/site-packages:${PYTHONPATH} /usr/bin/python3 -W ignore:setup.py install is deprecated -W ignore:easy_install command is deprecated setup.py develop --editable --build-directory /home/rasmus/exercises_ws/build/ros2_exercise/build --no-deps symlink_data
[1.292s] running develop
[1.461s] running egg_info
[1.461s] creating ros2_exercise.egg-info
[1.461s] writing ros2_exercise.egg-info/PKG-INFO
[1.462s] writing dependency_links to ros2_exercise.egg-info/dependency_links.txt
[1.462s] writing entry points to ros2_exercise.egg-info/entry_points.txt
[1.462s] writing requirements to ros2_exercise.egg-info/requires.txt
[1.462s] writing top-level names to ros2_exercise.egg-info/top_level.txt
[1.462s] writing manifest file 'ros2_exercise.egg-info/SOURCES.txt'
[1.464s] reading manifest file 'ros2_exercise.egg-info/SOURCES.txt'
[1.464s] writing manifest file 'ros2_exercise.egg-info/SOURCES.txt'
[1.466s] running build_ext
[1.466s] Creating /home/rasmus/exercises_ws/install/ros2_exercise/lib/python3.10/site-packages/ros2-exercise.egg-link (link to .)
[1.467s] Installing odometery_publisher script to /home/rasmus/exercises_ws/install/ros2_exercise/lib/ros2_exercise
[1.467s] 
[1.467s] Installed /home/rasmus/exercises_ws/build/ros2_exercise
[1.467s] running symlink_data
[1.468s] creating /home/rasmus/exercises_ws/install/ros2_exercise/share/ament_index
[1.468s] creating /home/rasmus/exercises_ws/install/ros2_exercise/share/ament_index/resource_index
[1.468s] creating /home/rasmus/exercises_ws/install/ros2_exercise/share/ament_index/resource_index/packages
[1.468s] symbolically linking /home/rasmus/exercises_ws/build/ros2_exercise/resource/ros2_exercise -> /home/rasmus/exercises_ws/install/ros2_exercise/share/ament_index/resource_index/packages
[1.468s] symbolically linking /home/rasmus/exercises_ws/build/ros2_exercise/package.xml -> /home/rasmus/exercises_ws/install/ros2_exercise/share/ros2_exercise
[1.494s] Invoked command in '/home/rasmus/exercises_ws/build/ros2_exercise' returned '0': PYTHONPATH=/home/rasmus/exercises_ws/build/ros2_exercise/prefix_override:/usr/lib/python3/dist-packages/colcon_core/task/python/colcon_distutils_commands:/home/rasmus/exercises_ws/install/ros2_exercise/lib/python3.10/site-packages:${PYTHONPATH} /usr/bin/python3 -W ignore:setup.py install is deprecated -W ignore:easy_install command is deprecated setup.py develop --editable --build-directory /home/rasmus/exercises_ws/build/ros2_exercise/build --no-deps symlink_data
